#
# There is insufficient memory for the Java Runtime Environment to continue.
# Native memory allocation (malloc) failed to allocate 549936 bytes for Chunk::new
# Possible reasons:
#   The system is out of physical RAM or swap space
#   The process is running with CompressedOops enabled, and the Java Heap may be blocking the growth of the native heap
# Possible solutions:
#   Reduce memory load on the system
#   Increase physical memory or swap space
#   Check if swap backing store is full
#   Decrease Java heap size (-Xmx/-Xms)
#   Decrease number of Java threads
#   Decrease Java thread stack sizes (-Xss)
#   Set larger code cache with -XX:ReservedCodeCacheSize=
#   JVM is running with Unscaled Compressed Oops mode in which the Java heap is
#     placed in the first 4GB address space. The Java Heap base address is the
#     maximum limit for the native heap growth. Please use -XX:HeapBaseMinAddress
#     to set the Java Heap base and to place the Java Heap above 4GB virtual address.
# This output file may be truncated or incomplete.
#
#  Out of Memory Error (t:/workspace/open/src/hotspot/share/memory/arena.cpp:198), pid=13396, tid=256
#
# JRE version: Java(TM) SE Runtime Environment (10.0.2+13) (build 10.0.2+13)
# Java VM: Java HotSpot(TM) 64-Bit Server VM (10.0.2+13, mixed mode, tiered, compressed oops, g1 gc, windows-amd64)
# No core dump will be written. Minidumps are not enabled by default on client versions of Windows
#

---------------  S U M M A R Y ------------

Command Line: -Xms512M -Xmx1024M -Xss1M -XX:+CMSClassUnloadingEnabled -javaagent:C:\Program Files\JetBrains\IntelliJ IDEA 2018.2\lib\idea_rt.jar=51319:C:\Program Files\JetBrains\IntelliJ IDEA 2018.2\bin -Dfile.encoding=windows-1252 xsbt.boot.Boot run

Host: Intel(R) Core(TM) i7-3632QM CPU @ 2.20GHz, 8 cores, 7G,  Windows 10 , 64 bit Build 17134 (10.0.17134.1)
Time: Sun Jul 29 00:45:19 2018 SE Asia Standard Time elapsed time: 321 seconds (0d 0h 5m 21s)

---------------  T H R E A D  ---------------

Current thread (0x0000024180147000):  JavaThread "C2 CompilerThread0" daemon [_thread_in_native, id=256, stack(0x000000607f200000,0x000000607f300000)]


Current CompileTask:
C2: 321245 3566   !   4       java.net.URL::<init> (543 bytes)

Stack: [0x000000607f200000,0x000000607f300000]
Native frames: (J=compiled Java code, j=interpreted, Vv=VM code, C=native code)
V  [jvm.dll+0x5a01a9]
V  [jvm.dll+0x6bcf31]
V  [jvm.dll+0x6be126]
V  [jvm.dll+0x6be7b3]
V  [jvm.dll+0x234978]
V  [jvm.dll+0xbb69c]
V  [jvm.dll+0xbbbac]
V  [jvm.dll+0x2a68e4]
V  [jvm.dll+0x4bf92a]
V  [jvm.dll+0x20151a]
V  [jvm.dll+0x1ff0a1]
V  [jvm.dll+0x17c94b]
V  [jvm.dll+0x20c8dd]
V  [jvm.dll+0x20b6a6]
V  [jvm.dll+0x68b7ff]
V  [jvm.dll+0x59f4b0]
C  [msvcr120.dll+0x24f7f]
C  [msvcr120.dll+0x25126]
C  [KERNEL32.DLL+0x13034]
C  [ntdll.dll+0x71431]


---------------  P R O C E S S  ---------------

Threads class SMR info:
_java_thread_list=0x0000024181834be0, length=14, elements={
0x00000241dfcce800, 0x00000241ff424000, 0x00000241ff425000, 0x00000241ff42d800,
0x0000024180146800, 0x0000024180147000, 0x000002418014a000, 0x000002418014e000,
0x000002418014e800, 0x0000024180169800, 0x0000024180539000, 0x0000024180533800,
0x0000024180538000, 0x0000024180534000
}

Java Threads: ( => current thread )
  0x00000241dfcce800 JavaThread "main" [_thread_in_vm, id=12060, stack(0x000000607d800000,0x000000607d900000)]
  0x00000241ff424000 JavaThread "Reference Handler" daemon [_thread_blocked, id=17064, stack(0x000000607ee00000,0x000000607ef00000)]
  0x00000241ff425000 JavaThread "Finalizer" daemon [_thread_blocked, id=14704, stack(0x000000607ef00000,0x000000607f000000)]
  0x00000241ff42d800 JavaThread "Signal Dispatcher" daemon [_thread_blocked, id=13432, stack(0x000000607f000000,0x000000607f100000)]
  0x0000024180146800 JavaThread "Attach Listener" daemon [_thread_blocked, id=3368, stack(0x000000607f100000,0x000000607f200000)]
=>0x0000024180147000 JavaThread "C2 CompilerThread0" daemon [_thread_in_native, id=256, stack(0x000000607f200000,0x000000607f300000)]
  0x000002418014a000 JavaThread "C2 CompilerThread1" daemon [_thread_in_native, id=16476, stack(0x000000607f300000,0x000000607f400000)]
  0x000002418014e000 JavaThread "C2 CompilerThread2" daemon [_thread_in_native, id=14308, stack(0x000000607f400000,0x000000607f500000)]
  0x000002418014e800 JavaThread "C1 CompilerThread3" daemon [_thread_blocked, id=13404, stack(0x000000607f500000,0x000000607f600000)]
  0x0000024180169800 JavaThread "Sweeper thread" daemon [_thread_blocked, id=9792, stack(0x000000607f600000,0x000000607f700000)]
  0x0000024180539000 JavaThread "Common-Cleaner" daemon [_thread_blocked, id=5648, stack(0x000000607f700000,0x000000607f800000)]
  0x0000024180533800 JavaThread "Monitor Ctrl-Break" daemon [_thread_in_native, id=14404, stack(0x000000607f800000,0x000000607f900000)]
  0x0000024180538000 JavaThread "Service Thread" daemon [_thread_blocked, id=16028, stack(0x000000607f900000,0x000000607fa00000)]
  0x0000024180534000 JavaThread "Log4j2-TF-1-AsyncLogger[AsyncContext@e70f13a]-1" daemon [_thread_blocked, id=11168, stack(0x000000607fc00000,0x000000607fd00000)]

Other Threads:
  0x00000241ff41c800 VMThread "VM Thread" [stack: 0x000000607ed00000,0x000000607ee00000] [id=6236]
  0x0000024180454800 WatcherThread [stack: 0x000000607fa00000,0x000000607fb00000] [id=12256]
  0x00000241dfcea000 GCTaskThread "GC Thread#0" [stack: 0x000000607d900000,0x000000607da00000] [id=13324]
  0x00000241dfcec000 GCTaskThread "GC Thread#1" [stack: 0x000000607da00000,0x000000607db00000] [id=9220]
  0x00000241dfcee000 GCTaskThread "GC Thread#2" [stack: 0x000000607db00000,0x000000607dc00000] [id=9368]
  0x00000241dfcf0000 GCTaskThread "GC Thread#3" [stack: 0x000000607dc00000,0x000000607dd00000] [id=14580]
  0x00000241dfcf3000 GCTaskThread "GC Thread#4" [stack: 0x000000607dd00000,0x000000607de00000] [id=17080]
  0x00000241dfcf7000 GCTaskThread "GC Thread#5" [stack: 0x000000607de00000,0x000000607df00000] [id=15096]
  0x00000241dfcf8800 GCTaskThread "GC Thread#6" [stack: 0x000000607df00000,0x000000607e000000] [id=16772]
  0x00000241dfcfc800 GCTaskThread "GC Thread#7" [stack: 0x000000607e000000,0x000000607e100000] [id=12620]
  0x00000241dfd48000 ConcurrentGCThread "G1 Main Marker" [stack: 0x000000607e100000,0x000000607e200000] [id=5780]
  0x00000241dfcfd000 ConcurrentGCThread "G1 Conc#0" [stack: 0x000000607e200000,0x000000607e300000] [id=5760]
  0x00000241dfd01800 ConcurrentGCThread "G1 Conc#1" [stack: 0x000000607e300000,0x000000607e400000] [id=2288]
  0x00000241ff38b000 ConcurrentGCThread "G1 Refine#0" [stack: 0x000000607e400000,0x000000607e500000] [id=15824]
  0x00000241ff38d800 ConcurrentGCThread "G1 Refine#1" [stack: 0x000000607e500000,0x000000607e600000] [id=7780]
  0x00000241ff38e800 ConcurrentGCThread "G1 Refine#2" [stack: 0x000000607e600000,0x000000607e700000] [id=4688]
  0x00000241ff38f000 ConcurrentGCThread "G1 Refine#3" [stack: 0x000000607e700000,0x000000607e800000] [id=2684]
  0x00000241ff39a800 ConcurrentGCThread "G1 Refine#4" [stack: 0x000000607e800000,0x000000607e900000] [id=1040]
  0x00000241ff39f800 ConcurrentGCThread "G1 Refine#5" [stack: 0x000000607e900000,0x000000607ea00000] [id=9764]
  0x00000241ff3a1000 ConcurrentGCThread "G1 Refine#6" [stack: 0x000000607ea00000,0x000000607eb00000] [id=4944]
  0x00000241ff3a2000 ConcurrentGCThread "G1 Refine#7" [stack: 0x000000607eb00000,0x000000607ec00000] [id=16508]
  0x00000241ff3a4000 ConcurrentGCThread "G1 Young RemSet Sampling" [stack: 0x000000607ec00000,0x000000607ed00000] [id=5896]

Threads with active compile tasks:
C2 CompilerThread03566   !   4       java.net.URL::<init> (543 bytes)
C2 CompilerThread13444   !   4       java.net.URLClassLoader$1::run (63 bytes)
C2 CompilerThread23381       4       java.net.URLClassLoader$1::run (5 bytes)

VM state:not at safepoint (normal execution)

VM Mutex/Monitor currently owned by a thread: None

Heap address: 0x00000000c0000000, size: 1024 MB, Compressed Oops mode: 32-bit
Narrow klass base: 0x0000000000000000, Narrow klass shift: 3
Compressed class space size: 1073741824 Address: 0x0000000100000000

Heap:
 garbage-first heap   total 524288K, used 60471K [0x00000000c0000000, 0x0000000100000000)
  region size 1024K, 55 young (56320K), 6 survivors (6144K)
 Metaspace       used 42273K, capacity 43176K, committed 43696K, reserved 1087488K
  class space    used 5411K, capacity 5708K, committed 5808K, reserved 1048576K
Heap Regions: E=young(eden), S=young(survivor), O=old, HS=humongous(starts), HC=humongous(continues), CS=collection set, F=free, A=archive, TS=gc time stamp, AC=allocation context, TAMS=top-at-mark-start (previous, next)
|   0|0x00000000c0000000, 0x00000000c0100000, 0x00000000c0100000|100%| O|  |TS  0|AC  0|TAMS 0x00000000c0100000, 0x00000000c0100000|
|   1|0x00000000c0100000, 0x00000000c0200000, 0x00000000c0200000|100%| O|  |TS  0|AC  0|TAMS 0x00000000c0200000, 0x00000000c0200000|
|   2|0x00000000c0200000, 0x00000000c0300000, 0x00000000c0300000|100%| O|  |TS  0|AC  0|TAMS 0x00000000c0300000, 0x00000000c0300000|
|   3|0x00000000c0300000, 0x00000000c0400000, 0x00000000c0400000|100%| O|  |TS  0|AC  0|TAMS 0x00000000c0400000, 0x00000000c0400000|
|   4|0x00000000c0400000, 0x00000000c0500000, 0x00000000c0500000|100%| O|  |TS  0|AC  0|TAMS 0x00000000c0500000, 0x00000000c0500000|
|   5|0x00000000c0500000, 0x00000000c0596400, 0x00000000c0600000| 58%| O|  |TS  0|AC  0|TAMS 0x00000000c0596400, 0x00000000c0596400|
|   6|0x00000000c0600000, 0x00000000c0600000, 0x00000000c0700000|  0%| F|  |TS  0|AC  0|TAMS 0x00000000c0600000, 0x00000000c0600000|
|   7|0x00000000c0700000, 0x00000000c0700000, 0x00000000c0800000|  0%| F|  |TS  0|AC  0|TAMS 0x00000000c0700000, 0x00000000c0700000|
|   8|0x00000000c0800000, 0x00000000c0800000, 0x00000000c0900000|  0%| F|  |TS  0|AC  0|TAMS 0x00000000c0800000, 0x00000000c0800000|
|   9|0x00000000c0900000, 0x00000000c0900000, 0x00000000c0a00000|  0%| F|  |TS  0|AC  0|TAMS 0x00000000c0900000, 0x00000000c0900000|
|  10|0x00000000c0a00000, 0x00000000c0a00000, 0x00000000c0b00000|  0%| F|  |TS  0|AC  0|TAMS 0x00000000c0a00000, 0x00000000c0a00000|
|  11|0x00000000c0b00000, 0x00000000c0b00000, 0x00000000c0c00000|  0%| F|  |TS  0|AC  0|TAMS 0x00000000c0b00000, 0x00000000c0b00000|
|  12|0x00000000c0c00000, 0x00000000c0c00000, 0x00000000c0d00000|  0%| F|  |TS  0|AC  0|TAMS 0x00000000c0c00000, 0x00000000c0c00000|
|  13|0x00000000c0d00000, 0x00000000c0d00000, 0x00000000c0e00000|  0%| F|  |TS  0|AC  0|TAMS 0x00000000c0d00000, 0x00000000c0d00000|
|  14|0x00000000c0e00000, 0x00000000c0e00000, 0x00000000c0f00000|  0%| F|  |TS  0|AC  0|TAMS 0x00000000c0e00000, 0x00000000c0e00000|
|  15|0x00000000c0f00000, 0x00000000c0f00000, 0x00000000c1000000|  0%| F|  |TS  0|AC  0|TAMS 0x00000000c0f00000, 0x00000000c0f00000|
|  16|0x00000000c1000000, 0x00000000c1000000, 0x00000000c1100000|  0%| F|  |TS  0|AC  0|TAMS 0x00000000c1000000, 0x00000000c1000000|
|  17|0x00000000c1100000, 0x00000000c1100000, 0x00000000c1200000|  0%| F|  |TS  0|AC  0|TAMS 0x00000000c1100000, 0x00000000c1100000|
|  18|0x00000000c1200000, 0x00000000c1200000, 0x00000000c1300000|  0%| F|  |TS  0|AC  0|TAMS 0x00000000c1200000, 0x00000000c1200000|
|  19|0x00000000c1300000, 0x00000000c1300000, 0x00000000c1400000|  0%| F|  |TS  0|AC  0|TAMS 0x00000000c1300000, 0x00000000c1300000|
|  20|0x00000000c1400000, 0x00000000c1400000, 0x00000000c1500000|  0%| F|  |TS  0|AC  0|TAMS 0x00000000c1400000, 0x00000000c1400000|
|  21|0x00000000c1500000, 0x00000000c1500000, 0x00000000c1600000|  0%| F|  |TS  0|AC  0|TAMS 0x00000000c1500000, 0x00000000c1500000|
|  22|0x00000000c1600000, 0x00000000c1600000, 0x00000000c1700000|  0%| F|  |TS  0|AC  0|TAMS 0x00000000c1600000, 0x00000000c1600000|
|  23|0x00000000c1700000, 0x00000000c1700000, 0x00000000c1800000|  0%| F|  |TS  0|AC  0|TAMS 0x00000000c1700000, 0x00000000c1700000|
|  24|0x00000000c1800000, 0x00000000c1800000, 0x00000000c1900000|  0%| F|  |TS  0|AC  0|TAMS 0x00000000c1800000, 0x00000000c1800000|
|  25|0x00000000c1900000, 0x00000000c1900000, 0x00000000c1a00000|  0%| F|  |TS  0|AC  0|TAMS 0x00000000c1900000, 0x00000000c1900000|
|  26|0x00000000c1a00000, 0x00000000c1a00000, 0x00000000c1b00000|  0%| F|  |TS  0|AC  0|TAMS 0x00000000c1a00000, 0x00000000c1a00000|
|  27|0x00000000c1b00000, 0x00000000c1b00000, 0x00000000c1c00000|  0%| F|  |TS  0|AC  0|TAMS 0x00000000c1b00000, 0x00000000c1b00000|
|  28|0x00000000c1c00000, 0x00000000c1c00000, 0x00000000c1d00000|  0%| F|  |TS  0|AC  0|TAMS 0x00000000c1c00000, 0x00000000c1c00000|
|  29|0x00000000c1d00000, 0x00000000c1d00000, 0x00000000c1e00000|  0%| F|  |TS  0|AC  0|TAMS 0x00000000c1d00000, 0x00000000c1d00000|
|  30|0x00000000c1e00000, 0x00000000c1e00000, 0x00000000c1f00000|  0%| F|  |TS  0|AC  0|TAMS 0x00000000c1e00000, 0x00000000c1e00000|
|  31|0x00000000c1f00000, 0x00000000c1f00000, 0x00000000c2000000|  0%| F|  |TS  0|AC  0|TAMS 0x00000000c1f00000, 0x00000000c1f00000|
|  32|0x00000000c2000000, 0x00000000c2000000, 0x00000000c2100000|  0%| F|  |TS  0|AC  0|TAMS 0x00000000c2000000, 0x00000000c2000000|
|  33|0x00000000c2100000, 0x00000000c2100000, 0x00000000c2200000|  0%| F|  |TS  0|AC  0|TAMS 0x00000000c2100000, 0x00000000c2100000|
|  34|0x00000000c2200000, 0x00000000c2200000, 0x00000000c2300000|  0%| F|  |TS  0|AC  0|TAMS 0x00000000c2200000, 0x00000000c2200000|
|  35|0x00000000c2300000, 0x00000000c2300000, 0x00000000c2400000|  0%| F|  |TS  0|AC  0|TAMS 0x00000000c2300000, 0x00000000c2300000|
|  36|0x00000000c2400000, 0x00000000c2400000, 0x00000000c2500000|  0%| F|  |TS  0|AC  0|TAMS 0x00000000c2400000, 0x00000000c2400000|
|  37|0x00000000c2500000, 0x00000000c2500000, 0x00000000c2600000|  0%| F|  |TS  0|AC  0|TAMS 0x00000000c2500000, 0x00000000c2500000|
|  38|0x00000000c2600000, 0x00000000c2600000, 0x00000000c2700000|  0%| F|  |TS  0|AC  0|TAMS 0x00000000c2600000, 0x00000000c2600000|
|  39|0x00000000c2700000, 0x00000000c2700000, 0x00000000c2800000|  0%| F|  |TS  0|AC  0|TAMS 0x00000000c2700000, 0x00000000c2700000|
|  40|0x00000000c2800000, 0x00000000c2800000, 0x00000000c2900000|  0%| F|  |TS  0|AC  0|TAMS 0x00000000c2800000, 0x00000000c2800000|
|  41|0x00000000c2900000, 0x00000000c2900000, 0x00000000c2a00000|  0%| F|  |TS  0|AC  0|TAMS 0x00000000c2900000, 0x00000000c2900000|
|  42|0x00000000c2a00000, 0x00000000c2a00000, 0x00000000c2b00000|  0%| F|  |TS  0|AC  0|TAMS 0x00000000c2a00000, 0x00000000c2a00000|
|  43|0x00000000c2b00000, 0x00000000c2b00000, 0x00000000c2c00000|  0%| F|  |TS  0|AC  0|TAMS 0x00000000c2b00000, 0x00000000c2b00000|
|  44|0x00000000c2c00000, 0x00000000c2c00000, 0x00000000c2d00000|  0%| F|  |TS  0|AC  0|TAMS 0x00000000c2c00000, 0x00000000c2c00000|
|  45|0x00000000c2d00000, 0x00000000c2d00000, 0x00000000c2e00000|  0%| F|  |TS  0|AC  0|TAMS 0x00000000c2d00000, 0x00000000c2d00000|
|  46|0x00000000c2e00000, 0x00000000c2e00000, 0x00000000c2f00000|  0%| F|  |TS  0|AC  0|TAMS 0x00000000c2e00000, 0x00000000c2e00000|
|  47|0x00000000c2f00000, 0x00000000c2f00000, 0x00000000c3000000|  0%| F|  |TS  0|AC  0|TAMS 0x00000000c2f00000, 0x00000000c2f00000|
|  48|0x00000000c3000000, 0x00000000c3000000, 0x00000000c3100000|  0%| F|  |TS  0|AC  0|TAMS 0x00000000c3000000, 0x00000000c3000000|
|  49|0x00000000c3100000, 0x00000000c3100000, 0x00000000c3200000|  0%| F|  |TS  0|AC  0|TAMS 0x00000000c3100000, 0x00000000c3100000|
|  50|0x00000000c3200000, 0x00000000c3200000, 0x00000000c3300000|  0%| F|  |TS  0|AC  0|TAMS 0x00000000c3200000, 0x00000000c3200000|
|  51|0x00000000c3300000, 0x00000000c3300000, 0x00000000c3400000|  0%| F|  |TS  0|AC  0|TAMS 0x00000000c3300000, 0x00000000c3300000|
|  52|0x00000000c3400000, 0x00000000c3400000, 0x00000000c3500000|  0%| F|  |TS  0|AC  0|TAMS 0x00000000c3400000, 0x00000000c3400000|
|  53|0x00000000c3500000, 0x00000000c3500000, 0x00000000c3600000|  0%| F|  |TS  0|AC  0|TAMS 0x00000000c3500000, 0x00000000c3500000|
|  54|0x00000000c3600000, 0x00000000c3600000, 0x00000000c3700000|  0%| F|  |TS  0|AC  0|TAMS 0x00000000c3600000, 0x00000000c3600000|
|  55|0x00000000c3700000, 0x00000000c3700000, 0x00000000c3800000|  0%| F|  |TS  0|AC  0|TAMS 0x00000000c3700000, 0x00000000c3700000|
|  56|0x00000000c3800000, 0x00000000c3800000, 0x00000000c3900000|  0%| F|  |TS  0|AC  0|TAMS 0x00000000c3800000, 0x00000000c3800000|
|  57|0x00000000c3900000, 0x00000000c3900000, 0x00000000c3a00000|  0%| F|  |TS  0|AC  0|TAMS 0x00000000c3900000, 0x00000000c3900000|
|  58|0x00000000c3a00000, 0x00000000c3a00000, 0x00000000c3b00000|  0%| F|  |TS  0|AC  0|TAMS 0x00000000c3a00000, 0x00000000c3a00000|
|  59|0x00000000c3b00000, 0x00000000c3b00000, 0x00000000c3c00000|  0%| F|  |TS  0|AC  0|TAMS 0x00000000c3b00000, 0x00000000c3b00000|
|  60|0x00000000c3c00000, 0x00000000c3c00000, 0x00000000c3d00000|  0%| F|  |TS  0|AC  0|TAMS 0x00000000c3c00000, 0x00000000c3c00000|
|  61|0x00000000c3d00000, 0x00000000c3d00000, 0x00000000c3e00000|  0%| F|  |TS  0|AC  0|TAMS 0x00000000c3d00000, 0x00000000c3d00000|
|  62|0x00000000c3e00000, 0x00000000c3e00000, 0x00000000c3f00000|  0%| F|  |TS  0|AC  0|TAMS 0x00000000c3e00000, 0x00000000c3e00000|
|  63|0x00000000c3f00000, 0x00000000c3f00000, 0x00000000c4000000|  0%| F|  |TS  0|AC  0|TAMS 0x00000000c3f00000, 0x00000000c3f00000|
|  64|0x00000000c4000000, 0x00000000c4000000, 0x00000000c4100000|  0%| F|  |TS  0|AC  0|TAMS 0x00000000c4000000, 0x00000000c4000000|
|  65|0x00000000c4100000, 0x00000000c4100000, 0x00000000c4200000|  0%| F|  |TS  0|AC  0|TAMS 0x00000000c4100000, 0x00000000c4100000|
|  66|0x00000000c4200000, 0x00000000c4200000, 0x00000000c4300000|  0%| F|  |TS  0|AC  0|TAMS 0x00000000c4200000, 0x00000000c4200000|
|  67|0x00000000c4300000, 0x00000000c4300000, 0x00000000c4400000|  0%| F|  |TS  0|AC  0|TAMS 0x00000000c4300000, 0x00000000c4300000|
|  68|0x00000000c4400000, 0x00000000c4400000, 0x00000000c4500000|  0%| F|  |TS  0|AC  0|TAMS 0x00000000c4400000, 0x00000000c4400000|
|  69|0x00000000c4500000, 0x00000000c4500000, 0x00000000c4600000|  0%| F|  |TS  0|AC  0|TAMS 0x00000000c4500000, 0x00000000c4500000|
|  70|0x00000000c4600000, 0x00000000c4600000, 0x00000000c4700000|  0%| F|  |TS  0|AC  0|TAMS 0x00000000c4600000, 0x00000000c4600000|
|  71|0x00000000c4700000, 0x00000000c4700000, 0x00000000c4800000|  0%| F|  |TS  0|AC  0|TAMS 0x00000000c4700000, 0x00000000c4700000|
|  72|0x00000000c4800000, 0x00000000c4800000, 0x00000000c4900000|  0%| F|  |TS  0|AC  0|TAMS 0x00000000c4800000, 0x00000000c4800000|
|  73|0x00000000c4900000, 0x00000000c4900000, 0x00000000c4a00000|  0%| F|  |TS  0|AC  0|TAMS 0x00000000c4900000, 0x00000000c4900000|
|  74|0x00000000c4a00000, 0x00000000c4a00000, 0x00000000c4b00000|  0%| F|  |TS  0|AC  0|TAMS 0x00000000c4a00000, 0x00000000c4a00000|
|  75|0x00000000c4b00000, 0x00000000c4b00000, 0x00000000c4c00000|  0%| F|  |TS  0|AC  0|TAMS 0x00000000c4b00000, 0x00000000c4b00000|
|  76|0x00000000c4c00000, 0x00000000c4c00000, 0x00000000c4d00000|  0%| F|  |TS  0|AC  0|TAMS 0x00000000c4c00000, 0x00000000c4c00000|
|  77|0x00000000c4d00000, 0x00000000c4d00000, 0x00000000c4e00000|  0%| F|  |TS  0|AC  0|TAMS 0x00000000c4d00000, 0x00000000c4d00000|
|  78|0x00000000c4e00000, 0x00000000c4e00000, 0x00000000c4f00000|  0%| F|  |TS  0|AC  0|TAMS 0x00000000c4e00000, 0x00000000c4e00000|
|  79|0x00000000c4f00000, 0x00000000c4f00000, 0x00000000c5000000|  0%| F|  |TS  0|AC  0|TAMS 0x00000000c4f00000, 0x00000000c4f00000|
|  80|0x00000000c5000000, 0x00000000c5000000, 0x00000000c5100000|  0%| F|  |TS  0|AC  0|TAMS 0x00000000c5000000, 0x00000000c5000000|
|  81|0x00000000c5100000, 0x00000000c5100000, 0x00000000c5200000|  0%| F|  |TS  0|AC  0|TAMS 0x00000000c5100000, 0x00000000c5100000|
|  82|0x00000000c5200000, 0x00000000c5200000, 0x00000000c5300000|  0%| F|  |TS  0|AC  0|TAMS 0x00000000c5200000, 0x00000000c5200000|
|  83|0x00000000c5300000, 0x00000000c5300000, 0x00000000c5400000|  0%| F|  |TS  0|AC  0|TAMS 0x00000000c5300000, 0x00000000c5300000|
|  84|0x00000000c5400000, 0x00000000c5400000, 0x00000000c5500000|  0%| F|  |TS  0|AC  0|TAMS 0x00000000c5400000, 0x00000000c5400000|
|  85|0x00000000c5500000, 0x00000000c5500000, 0x00000000c5600000|  0%| F|  |TS  0|AC  0|TAMS 0x00000000c5500000, 0x00000000c5500000|
|  86|0x00000000c5600000, 0x00000000c5600000, 0x00000000c5700000|  0%| F|  |TS  0|AC  0|TAMS 0x00000000c5600000, 0x00000000c5600000|
|  87|0x00000000c5700000, 0x00000000c5700000, 0x00000000c5800000|  0%| F|  |TS  0|AC  0|TAMS 0x00000000c5700000, 0x00000000c5700000|
|  88|0x00000000c5800000, 0x00000000c5800000, 0x00000000c5900000|  0%| F|  |TS  0|AC  0|TAMS 0x00000000c5800000, 0x00000000c5800000|
|  89|0x00000000c5900000, 0x00000000c5900000, 0x00000000c5a00000|  0%| F|  |TS  0|AC  0|TAMS 0x00000000c5900000, 0x00000000c5900000|
|  90|0x00000000c5a00000, 0x00000000c5a00000, 0x00000000c5b00000|  0%| F|  |TS  0|AC  0|TAMS 0x00000000c5a00000, 0x00000000c5a00000|
|  91|0x00000000c5b00000, 0x00000000c5b00000, 0x00000000c5c00000|  0%| F|  |TS  0|AC  0|TAMS 0x00000000c5b00000, 0x00000000c5b00000|
|  92|0x00000000c5c00000, 0x00000000c5c00000, 0x00000000c5d00000|  0%| F|  |TS  0|AC  0|TAMS 0x00000000c5c00000, 0x00000000c5c00000|
|  93|0x00000000c5d00000, 0x00000000c5d00000, 0x00000000c5e00000|  0%| F|  |TS  0|AC  0|TAMS 0x00000000c5d00000, 0x00000000c5d00000|
|  94|0x00000000c5e00000, 0x00000000c5e00000, 0x00000000c5f00000|  0%| F|  |TS  0|AC  0|TAMS 0x00000000c5e00000, 0x00000000c5e00000|
|  95|0x00000000c5f00000, 0x00000000c5f00000, 0x00000000c6000000|  0%| F|  |TS  0|AC  0|TAMS 0x00000000c5f00000, 0x00000000c5f00000|
|  96|0x00000000c6000000, 0x00000000c6000000, 0x00000000c6100000|  0%| F|  |TS  0|AC  0|TAMS 0x00000000c6000000, 0x00000000c6000000|
|  97|0x00000000c6100000, 0x00000000c6100000, 0x00000000c6200000|  0%| F|  |TS  0|AC  0|TAMS 0x00000000c6100000, 0x00000000c6100000|
|  98|0x00000000c6200000, 0x00000000c6200000, 0x00000000c6300000|  0%| F|  |TS  0|AC  0|TAMS 0x00000000c6200000, 0x00000000c6200000|
|  99|0x00000000c6300000, 0x00000000c6300000, 0x00000000c6400000|  0%| F|  |TS  0|AC  0|TAMS 0x00000000c6300000, 0x00000000c6300000|
| 100|0x00000000c6400000, 0x00000000c6400000, 0x00000000c6500000|  0%| F|  |TS  0|AC  0|TAMS 0x00000000c6400000, 0x00000000c6400000|
| 101|0x00000000c6500000, 0x00000000c6500000, 0x00000000c6600000|  0%| F|  |TS  0|AC  0|TAMS 0x00000000c6500000, 0x00000000c6500000|
| 102|0x00000000c6600000, 0x00000000c6600000, 0x00000000c6700000|  0%| F|  |TS  0|AC  0|TAMS 0x00000000c6600000, 0x00000000c6600000|
| 103|0x00000000c6700000, 0x00000000c6700000, 0x00000000c6800000|  0%| F|  |TS  0|AC  0|TAMS 0x00000000c6700000, 0x00000000c6700000|
| 104|0x00000000c6800000, 0x00000000c6800000, 0x00000000c6900000|  0%| F|  |TS  0|AC  0|TAMS 0x00000000c6800000, 0x00000000c6800000|
| 105|0x00000000c6900000, 0x00000000c6900000, 0x00000000c6a00000|  0%| F|  |TS  0|AC  0|TAMS 0x00000000c6900000, 0x00000000c6900000|
| 106|0x00000000c6a00000, 0x00000000c6a00000, 0x00000000c6b00000|  0%| F|  |TS  0|AC  0|TAMS 0x00000000c6a00000, 0x00000000c6a00000|
| 107|0x00000000c6b00000, 0x00000000c6b00000, 0x00000000c6c00000|  0%| F|  |TS  0|AC  0|TAMS 0x00000000c6b00000, 0x00000000c6b00000|
| 108|0x00000000c6c00000, 0x00000000c6c00000, 0x00000000c6d00000|  0%| F|  |TS  0|AC  0|TAMS 0x00000000c6c00000, 0x00000000c6c00000|
| 109|0x00000000c6d00000, 0x00000000c6d00000, 0x00000000c6e00000|  0%| F|  |TS  0|AC  0|TAMS 0x00000000c6d00000, 0x00000000c6d00000|
| 110|0x00000000c6e00000, 0x00000000c6e00000, 0x00000000c6f00000|  0%| F|  |TS  0|AC  0|TAMS 0x00000000c6e00000, 0x00000000c6e00000|
| 111|0x00000000c6f00000, 0x00000000c6f00000, 0x00000000c7000000|  0%| F|  |TS  0|AC  0|TAMS 0x00000000c6f00000, 0x00000000c6f00000|
| 112|0x00000000c7000000, 0x00000000c7000000, 0x00000000c7100000|  0%| F|  |TS  0|AC  0|TAMS 0x00000000c7000000, 0x00000000c7000000|
| 113|0x00000000c7100000, 0x00000000c7100000, 0x00000000c7200000|  0%| F|  |TS  0|AC  0|TAMS 0x00000000c7100000, 0x00000000c7100000|
| 114|0x00000000c7200000, 0x00000000c7200000, 0x00000000c7300000|  0%| F|  |TS  0|AC  0|TAMS 0x00000000c7200000, 0x00000000c7200000|
| 115|0x00000000c7300000, 0x00000000c7300000, 0x00000000c7400000|  0%| F|  |TS  0|AC  0|TAMS 0x00000000c7300000, 0x00000000c7300000|
| 116|0x00000000c7400000, 0x00000000c7400000, 0x00000000c7500000|  0%| F|  |TS  0|AC  0|TAMS 0x00000000c7400000, 0x00000000c7400000|
| 117|0x00000000c7500000, 0x00000000c7500000, 0x00000000c7600000|  0%| F|  |TS  0|AC  0|TAMS 0x00000000c7500000, 0x00000000c7500000|
| 118|0x00000000c7600000, 0x00000000c7600000, 0x00000000c7700000|  0%| F|  |TS  0|AC  0|TAMS 0x00000000c7600000, 0x00000000c7600000|
| 119|0x00000000c7700000, 0x00000000c7700000, 0x00000000c7800000|  0%| F|  |TS  0|AC  0|TAMS 0x00000000c7700000, 0x00000000c7700000|
| 120|0x00000000c7800000, 0x00000000c7800000, 0x00000000c7900000|  0%| F|  |TS  0|AC  0|TAMS 0x00000000c7800000, 0x00000000c7800000|
| 121|0x00000000c7900000, 0x00000000c7900000, 0x00000000c7a00000|  0%| F|  |TS  0|AC  0|TAMS 0x00000000c7900000, 0x00000000c7900000|
| 122|0x00000000c7a00000, 0x00000000c7a00000, 0x00000000c7b00000|  0%| F|  |TS  0|AC  0|TAMS 0x00000000c7a00000, 0x00000000c7a00000|
| 123|0x00000000c7b00000, 0x00000000c7b00000, 0x00000000c7c00000|  0%| F|  |TS  0|AC  0|TAMS 0x00000000c7b00000, 0x00000000c7b00000|
| 124|0x00000000c7c00000, 0x00000000c7c00000, 0x00000000c7d00000|  0%| F|  |TS  0|AC  0|TAMS 0x00000000c7c00000, 0x00000000c7c00000|
| 125|0x00000000c7d00000, 0x00000000c7d00000, 0x00000000c7e00000|  0%| F|  |TS  0|AC  0|TAMS 0x00000000c7d00000, 0x00000000c7d00000|
| 126|0x00000000c7e00000, 0x00000000c7e00000, 0x00000000c7f00000|  0%| F|  |TS  0|AC  0|TAMS 0x00000000c7e00000, 0x00000000c7e00000|
| 127|0x00000000c7f00000, 0x00000000c7f00000, 0x00000000c8000000|  0%| F|  |TS  0|AC  0|TAMS 0x00000000c7f00000, 0x00000000c7f00000|
| 128|0x00000000c8000000, 0x00000000c8000000, 0x00000000c8100000|  0%| F|  |TS  0|AC  0|TAMS 0x00000000c8000000, 0x00000000c8000000|
| 129|0x00000000c8100000, 0x00000000c8100000, 0x00000000c8200000|  0%| F|  |TS  0|AC  0|TAMS 0x00000000c8100000, 0x00000000c8100000|
| 130|0x00000000c8200000, 0x00000000c8200000, 0x00000000c8300000|  0%| F|  |TS  0|AC  0|TAMS 0x00000000c8200000, 0x00000000c8200000|
| 131|0x00000000c8300000, 0x00000000c8300000, 0x00000000c8400000|  0%| F|  |TS  0|AC  0|TAMS 0x00000000c8300000, 0x00000000c8300000|
| 132|0x00000000c8400000, 0x00000000c8400000, 0x00000000c8500000|  0%| F|  |TS  0|AC  0|TAMS 0x00000000c8400000, 0x00000000c8400000|
| 133|0x00000000c8500000, 0x00000000c8500000, 0x00000000c8600000|  0%| F|  |TS  0|AC  0|TAMS 0x00000000c8500000, 0x00000000c8500000|
| 134|0x00000000c8600000, 0x00000000c8600000, 0x00000000c8700000|  0%| F|  |TS  0|AC  0|TAMS 0x00000000c8600000, 0x00000000c8600000|
| 135|0x00000000c8700000, 0x00000000c8700000, 0x00000000c8800000|  0%| F|  |TS  0|AC  0|TAMS 0x00000000c8700000, 0x00000000c8700000|
| 136|0x00000000c8800000, 0x00000000c8800000, 0x00000000c8900000|  0%| F|  |TS  0|AC  0|TAMS 0x00000000c8800000, 0x00000000c8800000|
| 137|0x00000000c8900000, 0x00000000c8900000, 0x00000000c8a00000|  0%| F|  |TS  0|AC  0|TAMS 0x00000000c8900000, 0x00000000c8900000|
| 138|0x00000000c8a00000, 0x00000000c8a00000, 0x00000000c8b00000|  0%| F|  |TS  0|AC  0|TAMS 0x00000000c8a00000, 0x00000000c8a00000|
| 139|0x00000000c8b00000, 0x00000000c8b00000, 0x00000000c8c00000|  0%| F|  |TS  0|AC  0|TAMS 0x00000000c8b00000, 0x00000000c8b00000|
| 140|0x00000000c8c00000, 0x00000000c8c00000, 0x00000000c8d00000|  0%| F|  |TS  0|AC  0|TAMS 0x00000000c8c00000, 0x00000000c8c00000|
| 141|0x00000000c8d00000, 0x00000000c8d00000, 0x00000000c8e00000|  0%| F|  |TS  0|AC  0|TAMS 0x00000000c8d00000, 0x00000000c8d00000|
| 142|0x00000000c8e00000, 0x00000000c8e00000, 0x00000000c8f00000|  0%| F|  |TS  0|AC  0|TAMS 0x00000000c8e00000, 0x00000000c8e00000|
| 143|0x00000000c8f00000, 0x00000000c8f00000, 0x00000000c9000000|  0%| F|  |TS  0|AC  0|TAMS 0x00000000c8f00000, 0x00000000c8f00000|
| 144|0x00000000c9000000, 0x00000000c9000000, 0x00000000c9100000|  0%| F|  |TS  0|AC  0|TAMS 0x00000000c9000000, 0x00000000c9000000|
| 145|0x00000000c9100000, 0x00000000c9100000, 0x00000000c9200000|  0%| F|  |TS  0|AC  0|TAMS 0x00000000c9100000, 0x00000000c9100000|
| 146|0x00000000c9200000, 0x00000000c9200000, 0x00000000c9300000|  0%| F|  |TS  0|AC  0|TAMS 0x00000000c9200000, 0x00000000c9200000|
| 147|0x00000000c9300000, 0x00000000c9300000, 0x00000000c9400000|  0%| F|  |TS  0|AC  0|TAMS 0x00000000c9300000, 0x00000000c9300000|
| 148|0x00000000c9400000, 0x00000000c9400000, 0x00000000c9500000|  0%| F|  |TS  0|AC  0|TAMS 0x00000000c9400000, 0x00000000c9400000|
| 149|0x00000000c9500000, 0x00000000c9500000, 0x00000000c9600000|  0%| F|  |TS  0|AC  0|TAMS 0x00000000c9500000, 0x00000000c9500000|
| 150|0x00000000c9600000, 0x00000000c9600000, 0x00000000c9700000|  0%| F|  |TS  0|AC  0|TAMS 0x00000000c9600000, 0x00000000c9600000|
| 151|0x00000000c9700000, 0x00000000c9700000, 0x00000000c9800000|  0%| F|  |TS  0|AC  0|TAMS 0x00000000c9700000, 0x00000000c9700000|
| 152|0x00000000c9800000, 0x00000000c9800000, 0x00000000c9900000|  0%| F|  |TS  0|AC  0|TAMS 0x00000000c9800000, 0x00000000c9800000|
| 153|0x00000000c9900000, 0x00000000c9900000, 0x00000000c9a00000|  0%| F|  |TS  0|AC  0|TAMS 0x00000000c9900000, 0x00000000c9900000|
| 154|0x00000000c9a00000, 0x00000000c9a00000, 0x00000000c9b00000|  0%| F|  |TS  0|AC  0|TAMS 0x00000000c9a00000, 0x00000000c9a00000|
| 155|0x00000000c9b00000, 0x00000000c9b00000, 0x00000000c9c00000|  0%| F|  |TS  0|AC  0|TAMS 0x00000000c9b00000, 0x00000000c9b00000|
| 156|0x00000000c9c00000, 0x00000000c9c00000, 0x00000000c9d00000|  0%| F|  |TS  0|AC  0|TAMS 0x00000000c9c00000, 0x00000000c9c00000|
| 157|0x00000000c9d00000, 0x00000000c9d00000, 0x00000000c9e00000|  0%| F|  |TS  0|AC  0|TAMS 0x00000000c9d00000, 0x00000000c9d00000|
| 158|0x00000000c9e00000, 0x00000000c9e00000, 0x00000000c9f00000|  0%| F|  |TS  0|AC  0|TAMS 0x00000000c9e00000, 0x00000000c9e00000|
| 159|0x00000000c9f00000, 0x00000000c9f00000, 0x00000000ca000000|  0%| F|  |TS  0|AC  0|TAMS 0x00000000c9f00000, 0x00000000c9f00000|
| 160|0x00000000ca000000, 0x00000000ca000000, 0x00000000ca100000|  0%| F|  |TS  0|AC  0|TAMS 0x00000000ca000000, 0x00000000ca000000|
| 161|0x00000000ca100000, 0x00000000ca100000, 0x00000000ca200000|  0%| F|  |TS  0|AC  0|TAMS 0x00000000ca100000, 0x00000000ca100000|
| 162|0x00000000ca200000, 0x00000000ca200000, 0x00000000ca300000|  0%| F|  |TS  0|AC  0|TAMS 0x00000000ca200000, 0x00000000ca200000|
| 163|0x00000000ca300000, 0x00000000ca300000, 0x00000000ca400000|  0%| F|  |TS  0|AC  0|TAMS 0x00000000ca300000, 0x00000000ca300000|
| 164|0x00000000ca400000, 0x00000000ca400000, 0x00000000ca500000|  0%| F|  |TS  0|AC  0|TAMS 0x00000000ca400000, 0x00000000ca400000|
| 165|0x00000000ca500000, 0x00000000ca500000, 0x00000000ca600000|  0%| F|  |TS  0|AC  0|TAMS 0x00000000ca500000, 0x00000000ca500000|
| 166|0x00000000ca600000, 0x00000000ca600000, 0x00000000ca700000|  0%| F|  |TS  0|AC  0|TAMS 0x00000000ca600000, 0x00000000ca600000|
| 167|0x00000000ca700000, 0x00000000ca700000, 0x00000000ca800000|  0%| F|  |TS  0|AC  0|TAMS 0x00000000ca700000, 0x00000000ca700000|
| 168|0x00000000ca800000, 0x00000000ca800000, 0x00000000ca900000|  0%| F|  |TS  0|AC  0|TAMS 0x00000000ca800000, 0x00000000ca800000|
| 169|0x00000000ca900000, 0x00000000ca900000, 0x00000000caa00000|  0%| F|  |TS  0|AC  0|TAMS 0x00000000ca900000, 0x00000000ca900000|
| 170|0x00000000caa00000, 0x00000000caa00000, 0x00000000cab00000|  0%| F|  |TS  0|AC  0|TAMS 0x00000000caa00000, 0x00000000caa00000|
| 171|0x00000000cab00000, 0x00000000cab00000, 0x00000000cac00000|  0%| F|  |TS  0|AC  0|TAMS 0x00000000cab00000, 0x00000000cab00000|
| 172|0x00000000cac00000, 0x00000000cac00000, 0x00000000cad00000|  0%| F|  |TS  0|AC  0|TAMS 0x00000000cac00000, 0x00000000cac00000|
| 173|0x00000000cad00000, 0x00000000cad00000, 0x00000000cae00000|  0%| F|  |TS  0|AC  0|TAMS 0x00000000cad00000, 0x00000000cad00000|
| 174|0x00000000cae00000, 0x00000000cae00000, 0x00000000caf00000|  0%| F|  |TS  0|AC  0|TAMS 0x00000000cae00000, 0x00000000cae00000|
| 175|0x00000000caf00000, 0x00000000caf00000, 0x00000000cb000000|  0%| F|  |TS  0|AC  0|TAMS 0x00000000caf00000, 0x00000000caf00000|
| 176|0x00000000cb000000, 0x00000000cb000000, 0x00000000cb100000|  0%| F|  |TS  0|AC  0|TAMS 0x00000000cb000000, 0x00000000cb000000|
| 177|0x00000000cb100000, 0x00000000cb100000, 0x00000000cb200000|  0%| F|  |TS  0|AC  0|TAMS 0x00000000cb100000, 0x00000000cb100000|
| 178|0x00000000cb200000, 0x00000000cb200000, 0x00000000cb300000|  0%| F|  |TS  0|AC  0|TAMS 0x00000000cb200000, 0x00000000cb200000|
| 179|0x00000000cb300000, 0x00000000cb300000, 0x00000000cb400000|  0%| F|  |TS  0|AC  0|TAMS 0x00000000cb300000, 0x00000000cb300000|
| 180|0x00000000cb400000, 0x00000000cb400000, 0x00000000cb500000|  0%| F|  |TS  0|AC  0|TAMS 0x00000000cb400000, 0x00000000cb400000|
| 181|0x00000000cb500000, 0x00000000cb500000, 0x00000000cb600000|  0%| F|  |TS  0|AC  0|TAMS 0x00000000cb500000, 0x00000000cb500000|
| 182|0x00000000cb600000, 0x00000000cb600000, 0x00000000cb700000|  0%| F|  |TS  0|AC  0|TAMS 0x00000000cb600000, 0x00000000cb600000|
| 183|0x00000000cb700000, 0x00000000cb700000, 0x00000000cb800000|  0%| F|  |TS  0|AC  0|TAMS 0x00000000cb700000, 0x00000000cb700000|
| 184|0x00000000cb800000, 0x00000000cb800000, 0x00000000cb900000|  0%| F|  |TS  0|AC  0|TAMS 0x00000000cb800000, 0x00000000cb800000|
| 185|0x00000000cb900000, 0x00000000cb900000, 0x00000000cba00000|  0%| F|  |TS  0|AC  0|TAMS 0x00000000cb900000, 0x00000000cb900000|
| 186|0x00000000cba00000, 0x00000000cba00000, 0x00000000cbb00000|  0%| F|  |TS  0|AC  0|TAMS 0x00000000cba00000, 0x00000000cba00000|
| 187|0x00000000cbb00000, 0x00000000cbb00000, 0x00000000cbc00000|  0%| F|  |TS  0|AC  0|TAMS 0x00000000cbb00000, 0x00000000cbb00000|
| 188|0x00000000cbc00000, 0x00000000cbc00000, 0x00000000cbd00000|  0%| F|  |TS  0|AC  0|TAMS 0x00000000cbc00000, 0x00000000cbc00000|
| 189|0x00000000cbd00000, 0x00000000cbd00000, 0x00000000cbe00000|  0%| F|  |TS  0|AC  0|TAMS 0x00000000cbd00000, 0x00000000cbd00000|
| 190|0x00000000cbe00000, 0x00000000cbe00000, 0x00000000cbf00000|  0%| F|  |TS  0|AC  0|TAMS 0x00000000cbe00000, 0x00000000cbe00000|
| 191|0x00000000cbf00000, 0x00000000cbf00000, 0x00000000cc000000|  0%| F|  |TS  0|AC  0|TAMS 0x00000000cbf00000, 0x00000000cbf00000|
| 192|0x00000000cc000000, 0x00000000cc000000, 0x00000000cc100000|  0%| F|  |TS  0|AC  0|TAMS 0x00000000cc000000, 0x00000000cc000000|
| 193|0x00000000cc100000, 0x00000000cc100000, 0x00000000cc200000|  0%| F|  |TS  0|AC  0|TAMS 0x00000000cc100000, 0x00000000cc100000|
| 194|0x00000000cc200000, 0x00000000cc200000, 0x00000000cc300000|  0%| F|  |TS  0|AC  0|TAMS 0x00000000cc200000, 0x00000000cc200000|
| 195|0x00000000cc300000, 0x00000000cc300000, 0x00000000cc400000|  0%| F|  |TS  0|AC  0|TAMS 0x00000000cc300000, 0x00000000cc300000|
| 196|0x00000000cc400000, 0x00000000cc400000, 0x00000000cc500000|  0%| F|  |TS  0|AC  0|TAMS 0x00000000cc400000, 0x00000000cc400000|
| 197|0x00000000cc500000, 0x00000000cc500000, 0x00000000cc600000|  0%| F|  |TS  0|AC  0|TAMS 0x00000000cc500000, 0x00000000cc500000|
| 198|0x00000000cc600000, 0x00000000cc600000, 0x00000000cc700000|  0%| F|  |TS  0|AC  0|TAMS 0x00000000cc600000, 0x00000000cc600000|
| 199|0x00000000cc700000, 0x00000000cc700000, 0x00000000cc800000|  0%| F|  |TS  0|AC  0|TAMS 0x00000000cc700000, 0x00000000cc700000|
| 200|0x00000000cc800000, 0x00000000cc800000, 0x00000000cc900000|  0%| F|  |TS  0|AC  0|TAMS 0x00000000cc800000, 0x00000000cc800000|
| 201|0x00000000cc900000, 0x00000000cc900000, 0x00000000cca00000|  0%| F|  |TS  0|AC  0|TAMS 0x00000000cc900000, 0x00000000cc900000|
| 202|0x00000000cca00000, 0x00000000cca00000, 0x00000000ccb00000|  0%| F|  |TS  0|AC  0|TAMS 0x00000000cca00000, 0x00000000cca00000|
| 203|0x00000000ccb00000, 0x00000000ccb00000, 0x00000000ccc00000|  0%| F|  |TS  0|AC  0|TAMS 0x00000000ccb00000, 0x00000000ccb00000|
| 204|0x00000000ccc00000, 0x00000000ccc00000, 0x00000000ccd00000|  0%| F|  |TS  0|AC  0|TAMS 0x00000000ccc00000, 0x00000000ccc00000|
| 205|0x00000000ccd00000, 0x00000000ccd00000, 0x00000000cce00000|  0%| F|  |TS  0|AC  0|TAMS 0x00000000ccd00000, 0x00000000ccd00000|
| 206|0x00000000cce00000, 0x00000000cce00000, 0x00000000ccf00000|  0%| F|  |TS  0|AC  0|TAMS 0x00000000cce00000, 0x00000000cce00000|
| 207|0x00000000ccf00000, 0x00000000ccf00000, 0x00000000cd000000|  0%| F|  |TS  0|AC  0|TAMS 0x00000000ccf00000, 0x00000000ccf00000|
| 208|0x00000000cd000000, 0x00000000cd000000, 0x00000000cd100000|  0%| F|  |TS  0|AC  0|TAMS 0x00000000cd000000, 0x00000000cd000000|
| 209|0x00000000cd100000, 0x00000000cd100000, 0x00000000cd200000|  0%| F|  |TS  0|AC  0|TAMS 0x00000000cd100000, 0x00000000cd100000|
| 210|0x00000000cd200000, 0x00000000cd200000, 0x00000000cd300000|  0%| F|  |TS  0|AC  0|TAMS 0x00000000cd200000, 0x00000000cd200000|
| 211|0x00000000cd300000, 0x00000000cd300000, 0x00000000cd400000|  0%| F|  |TS  0|AC  0|TAMS 0x00000000cd300000, 0x00000000cd300000|
| 212|0x00000000cd400000, 0x00000000cd400000, 0x00000000cd500000|  0%| F|  |TS  0|AC  0|TAMS 0x00000000cd400000, 0x00000000cd400000|
| 213|0x00000000cd500000, 0x00000000cd500000, 0x00000000cd600000|  0%| F|  |TS  0|AC  0|TAMS 0x00000000cd500000, 0x00000000cd500000|
| 214|0x00000000cd600000, 0x00000000cd600000, 0x00000000cd700000|  0%| F|  |TS  0|AC  0|TAMS 0x00000000cd600000, 0x00000000cd600000|
| 215|0x00000000cd700000, 0x00000000cd700000, 0x00000000cd800000|  0%| F|  |TS  0|AC  0|TAMS 0x00000000cd700000, 0x00000000cd700000|
| 216|0x00000000cd800000, 0x00000000cd800000, 0x00000000cd900000|  0%| F|  |TS  0|AC  0|TAMS 0x00000000cd800000, 0x00000000cd800000|
| 217|0x00000000cd900000, 0x00000000cd900000, 0x00000000cda00000|  0%| F|  |TS  0|AC  0|TAMS 0x00000000cd900000, 0x00000000cd900000|
| 218|0x00000000cda00000, 0x00000000cda00000, 0x00000000cdb00000|  0%| F|  |TS  0|AC  0|TAMS 0x00000000cda00000, 0x00000000cda00000|
| 219|0x00000000cdb00000, 0x00000000cdb00000, 0x00000000cdc00000|  0%| F|  |TS  0|AC  0|TAMS 0x00000000cdb00000, 0x00000000cdb00000|
| 220|0x00000000cdc00000, 0x00000000cdc00000, 0x00000000cdd00000|  0%| F|  |TS  0|AC  0|TAMS 0x00000000cdc00000, 0x00000000cdc00000|
| 221|0x00000000cdd00000, 0x00000000cdd00000, 0x00000000cde00000|  0%| F|  |TS  0|AC  0|TAMS 0x00000000cdd00000, 0x00000000cdd00000|
| 222|0x00000000cde00000, 0x00000000cde00000, 0x00000000cdf00000|  0%| F|  |TS  0|AC  0|TAMS 0x00000000cde00000, 0x00000000cde00000|
| 223|0x00000000cdf00000, 0x00000000cdf00000, 0x00000000ce000000|  0%| F|  |TS  0|AC  0|TAMS 0x00000000cdf00000, 0x00000000cdf00000|
| 224|0x00000000ce000000, 0x00000000ce000000, 0x00000000ce100000|  0%| F|  |TS  0|AC  0|TAMS 0x00000000ce000000, 0x00000000ce000000|
| 225|0x00000000ce100000, 0x00000000ce100000, 0x00000000ce200000|  0%| F|  |TS  0|AC  0|TAMS 0x00000000ce100000, 0x00000000ce100000|
| 226|0x00000000ce200000, 0x00000000ce200000, 0x00000000ce300000|  0%| F|  |TS  0|AC  0|TAMS 0x00000000ce200000, 0x00000000ce200000|
| 227|0x00000000ce300000, 0x00000000ce300000, 0x00000000ce400000|  0%| F|  |TS  0|AC  0|TAMS 0x00000000ce300000, 0x00000000ce300000|
| 228|0x00000000ce400000, 0x00000000ce400000, 0x00000000ce500000|  0%| F|  |TS  0|AC  0|TAMS 0x00000000ce400000, 0x00000000ce400000|
| 229|0x00000000ce500000, 0x00000000ce500000, 0x00000000ce600000|  0%| F|  |TS  0|AC  0|TAMS 0x00000000ce500000, 0x00000000ce500000|
| 230|0x00000000ce600000, 0x00000000ce600000, 0x00000000ce700000|  0%| F|  |TS  0|AC  0|TAMS 0x00000000ce600000, 0x00000000ce600000|
| 231|0x00000000ce700000, 0x00000000ce700000, 0x00000000ce800000|  0%| F|  |TS  0|AC  0|TAMS 0x00000000ce700000, 0x00000000ce700000|
| 232|0x00000000ce800000, 0x00000000ce800000, 0x00000000ce900000|  0%| F|  |TS  0|AC  0|TAMS 0x00000000ce800000, 0x00000000ce800000|
| 233|0x00000000ce900000, 0x00000000ce900000, 0x00000000cea00000|  0%| F|  |TS  0|AC  0|TAMS 0x00000000ce900000, 0x00000000ce900000|
| 234|0x00000000cea00000, 0x00000000cea00000, 0x00000000ceb00000|  0%| F|  |TS  0|AC  0|TAMS 0x00000000cea00000, 0x00000000cea00000|
| 235|0x00000000ceb00000, 0x00000000ceb00000, 0x00000000cec00000|  0%| F|  |TS  0|AC  0|TAMS 0x00000000ceb00000, 0x00000000ceb00000|
| 236|0x00000000cec00000, 0x00000000cec00000, 0x00000000ced00000|  0%| F|  |TS  0|AC  0|TAMS 0x00000000cec00000, 0x00000000cec00000|
| 237|0x00000000ced00000, 0x00000000ced00000, 0x00000000cee00000|  0%| F|  |TS  0|AC  0|TAMS 0x00000000ced00000, 0x00000000ced00000|
| 238|0x00000000cee00000, 0x00000000cee00000, 0x00000000cef00000|  0%| F|  |TS  0|AC  0|TAMS 0x00000000cee00000, 0x00000000cee00000|
| 239|0x00000000cef00000, 0x00000000cef00000, 0x00000000cf000000|  0%| F|  |TS  0|AC  0|TAMS 0x00000000cef00000, 0x00000000cef00000|
| 240|0x00000000cf000000, 0x00000000cf000000, 0x00000000cf100000|  0%| F|  |TS  0|AC  0|TAMS 0x00000000cf000000, 0x00000000cf000000|
| 241|0x00000000cf100000, 0x00000000cf100000, 0x00000000cf200000|  0%| F|  |TS  0|AC  0|TAMS 0x00000000cf100000, 0x00000000cf100000|
| 242|0x00000000cf200000, 0x00000000cf200000, 0x00000000cf300000|  0%| F|  |TS  0|AC  0|TAMS 0x00000000cf200000, 0x00000000cf200000|
| 243|0x00000000cf300000, 0x00000000cf300000, 0x00000000cf400000|  0%| F|  |TS  0|AC  0|TAMS 0x00000000cf300000, 0x00000000cf300000|
| 244|0x00000000cf400000, 0x00000000cf400000, 0x00000000cf500000|  0%| F|  |TS  0|AC  0|TAMS 0x00000000cf400000, 0x00000000cf400000|
| 245|0x00000000cf500000, 0x00000000cf500000, 0x00000000cf600000|  0%| F|  |TS  0|AC  0|TAMS 0x00000000cf500000, 0x00000000cf500000|
| 246|0x00000000cf600000, 0x00000000cf600000, 0x00000000cf700000|  0%| F|  |TS  0|AC  0|TAMS 0x00000000cf600000, 0x00000000cf600000|
| 247|0x00000000cf700000, 0x00000000cf700000, 0x00000000cf800000|  0%| F|  |TS  0|AC  0|TAMS 0x00000000cf700000, 0x00000000cf700000|
| 248|0x00000000cf800000, 0x00000000cf800000, 0x00000000cf900000|  0%| F|  |TS  0|AC  0|TAMS 0x00000000cf800000, 0x00000000cf800000|
| 249|0x00000000cf900000, 0x00000000cf900000, 0x00000000cfa00000|  0%| F|  |TS  0|AC  0|TAMS 0x00000000cf900000, 0x00000000cf900000|
| 250|0x00000000cfa00000, 0x00000000cfa00000, 0x00000000cfb00000|  0%| F|  |TS  0|AC  0|TAMS 0x00000000cfa00000, 0x00000000cfa00000|
| 251|0x00000000cfb00000, 0x00000000cfb00000, 0x00000000cfc00000|  0%| F|  |TS  0|AC  0|TAMS 0x00000000cfb00000, 0x00000000cfb00000|
| 252|0x00000000cfc00000, 0x00000000cfc00000, 0x00000000cfd00000|  0%| F|  |TS  0|AC  0|TAMS 0x00000000cfc00000, 0x00000000cfc00000|
| 253|0x00000000cfd00000, 0x00000000cfd00000, 0x00000000cfe00000|  0%| F|  |TS  0|AC  0|TAMS 0x00000000cfd00000, 0x00000000cfd00000|
| 254|0x00000000cfe00000, 0x00000000cfe00000, 0x00000000cff00000|  0%| F|  |TS  0|AC  0|TAMS 0x00000000cfe00000, 0x00000000cfe00000|
| 255|0x00000000cff00000, 0x00000000cff00000, 0x00000000d0000000|  0%| F|  |TS  0|AC  0|TAMS 0x00000000cff00000, 0x00000000cff00000|
| 256|0x00000000d0000000, 0x00000000d0000000, 0x00000000d0100000|  0%| F|  |TS  0|AC  0|TAMS 0x00000000d0000000, 0x00000000d0000000|
| 257|0x00000000d0100000, 0x00000000d0100000, 0x00000000d0200000|  0%| F|  |TS  0|AC  0|TAMS 0x00000000d0100000, 0x00000000d0100000|
| 258|0x00000000d0200000, 0x00000000d0200000, 0x00000000d0300000|  0%| F|  |TS  0|AC  0|TAMS 0x00000000d0200000, 0x00000000d0200000|
| 259|0x00000000d0300000, 0x00000000d0300000, 0x00000000d0400000|  0%| F|  |TS  0|AC  0|TAMS 0x00000000d0300000, 0x00000000d0300000|
| 260|0x00000000d0400000, 0x00000000d0400000, 0x00000000d0500000|  0%| F|  |TS  0|AC  0|TAMS 0x00000000d0400000, 0x00000000d0400000|
| 261|0x00000000d0500000, 0x00000000d0500000, 0x00000000d0600000|  0%| F|  |TS  0|AC  0|TAMS 0x00000000d0500000, 0x00000000d0500000|
| 262|0x00000000d0600000, 0x00000000d0600000, 0x00000000d0700000|  0%| F|  |TS  0|AC  0|TAMS 0x00000000d0600000, 0x00000000d0600000|
| 263|0x00000000d0700000, 0x00000000d0700000, 0x00000000d0800000|  0%| F|  |TS  0|AC  0|TAMS 0x00000000d0700000, 0x00000000d0700000|
| 264|0x00000000d0800000, 0x00000000d0800000, 0x00000000d0900000|  0%| F|  |TS  0|AC  0|TAMS 0x00000000d0800000, 0x00000000d0800000|
| 265|0x00000000d0900000, 0x00000000d0900000, 0x00000000d0a00000|  0%| F|  |TS  0|AC  0|TAMS 0x00000000d0900000, 0x00000000d0900000|
| 266|0x00000000d0a00000, 0x00000000d0a00000, 0x00000000d0b00000|  0%| F|  |TS  0|AC  0|TAMS 0x00000000d0a00000, 0x00000000d0a00000|
| 267|0x00000000d0b00000, 0x00000000d0b00000, 0x00000000d0c00000|  0%| F|  |TS  0|AC  0|TAMS 0x00000000d0b00000, 0x00000000d0b00000|
| 268|0x00000000d0c00000, 0x00000000d0c00000, 0x00000000d0d00000|  0%| F|  |TS  0|AC  0|TAMS 0x00000000d0c00000, 0x00000000d0c00000|
| 269|0x00000000d0d00000, 0x00000000d0d00000, 0x00000000d0e00000|  0%| F|  |TS  0|AC  0|TAMS 0x00000000d0d00000, 0x00000000d0d00000|
| 270|0x00000000d0e00000, 0x00000000d0e00000, 0x00000000d0f00000|  0%| F|  |TS  0|AC  0|TAMS 0x00000000d0e00000, 0x00000000d0e00000|
| 271|0x00000000d0f00000, 0x00000000d0f00000, 0x00000000d1000000|  0%| F|  |TS  0|AC  0|TAMS 0x00000000d0f00000, 0x00000000d0f00000|
| 272|0x00000000d1000000, 0x00000000d1000000, 0x00000000d1100000|  0%| F|  |TS  0|AC  0|TAMS 0x00000000d1000000, 0x00000000d1000000|
| 273|0x00000000d1100000, 0x00000000d1100000, 0x00000000d1200000|  0%| F|  |TS  0|AC  0|TAMS 0x00000000d1100000, 0x00000000d1100000|
| 274|0x00000000d1200000, 0x00000000d1200000, 0x00000000d1300000|  0%| F|  |TS  0|AC  0|TAMS 0x00000000d1200000, 0x00000000d1200000|
| 275|0x00000000d1300000, 0x00000000d1300000, 0x00000000d1400000|  0%| F|  |TS  0|AC  0|TAMS 0x00000000d1300000, 0x00000000d1300000|
| 276|0x00000000d1400000, 0x00000000d1400000, 0x00000000d1500000|  0%| F|  |TS  0|AC  0|TAMS 0x00000000d1400000, 0x00000000d1400000|
| 277|0x00000000d1500000, 0x00000000d1500000, 0x00000000d1600000|  0%| F|  |TS  0|AC  0|TAMS 0x00000000d1500000, 0x00000000d1500000|
| 278|0x00000000d1600000, 0x00000000d1600000, 0x00000000d1700000|  0%| F|  |TS  0|AC  0|TAMS 0x00000000d1600000, 0x00000000d1600000|
| 279|0x00000000d1700000, 0x00000000d1700000, 0x00000000d1800000|  0%| F|  |TS  0|AC  0|TAMS 0x00000000d1700000, 0x00000000d1700000|
| 280|0x00000000d1800000, 0x00000000d1800000, 0x00000000d1900000|  0%| F|  |TS  0|AC  0|TAMS 0x00000000d1800000, 0x00000000d1800000|
| 281|0x00000000d1900000, 0x00000000d1900000, 0x00000000d1a00000|  0%| F|  |TS  0|AC  0|TAMS 0x00000000d1900000, 0x00000000d1900000|
| 282|0x00000000d1a00000, 0x00000000d1a00000, 0x00000000d1b00000|  0%| F|  |TS  0|AC  0|TAMS 0x00000000d1a00000, 0x00000000d1a00000|
| 283|0x00000000d1b00000, 0x00000000d1b00000, 0x00000000d1c00000|  0%| F|  |TS  0|AC  0|TAMS 0x00000000d1b00000, 0x00000000d1b00000|
| 284|0x00000000d1c00000, 0x00000000d1c00000, 0x00000000d1d00000|  0%| F|  |TS  0|AC  0|TAMS 0x00000000d1c00000, 0x00000000d1c00000|
| 285|0x00000000d1d00000, 0x00000000d1d00000, 0x00000000d1e00000|  0%| F|  |TS  0|AC  0|TAMS 0x00000000d1d00000, 0x00000000d1d00000|
| 286|0x00000000d1e00000, 0x00000000d1e00000, 0x00000000d1f00000|  0%| F|  |TS  0|AC  0|TAMS 0x00000000d1e00000, 0x00000000d1e00000|
| 287|0x00000000d1f00000, 0x00000000d1f00000, 0x00000000d2000000|  0%| F|  |TS  0|AC  0|TAMS 0x00000000d1f00000, 0x00000000d1f00000|
| 288|0x00000000d2000000, 0x00000000d2000000, 0x00000000d2100000|  0%| F|  |TS  0|AC  0|TAMS 0x00000000d2000000, 0x00000000d2000000|
| 289|0x00000000d2100000, 0x00000000d2100000, 0x00000000d2200000|  0%| F|  |TS  0|AC  0|TAMS 0x00000000d2100000, 0x00000000d2100000|
| 290|0x00000000d2200000, 0x00000000d2200000, 0x00000000d2300000|  0%| F|  |TS  0|AC  0|TAMS 0x00000000d2200000, 0x00000000d2200000|
| 291|0x00000000d2300000, 0x00000000d2300000, 0x00000000d2400000|  0%| F|  |TS  0|AC  0|TAMS 0x00000000d2300000, 0x00000000d2300000|
| 292|0x00000000d2400000, 0x00000000d2400000, 0x00000000d2500000|  0%| F|  |TS  0|AC  0|TAMS 0x00000000d2400000, 0x00000000d2400000|
| 293|0x00000000d2500000, 0x00000000d2500000, 0x00000000d2600000|  0%| F|  |TS  0|AC  0|TAMS 0x00000000d2500000, 0x00000000d2500000|
| 294|0x00000000d2600000, 0x00000000d2600000, 0x00000000d2700000|  0%| F|  |TS  0|AC  0|TAMS 0x00000000d2600000, 0x00000000d2600000|
| 295|0x00000000d2700000, 0x00000000d2700000, 0x00000000d2800000|  0%| F|  |TS  0|AC  0|TAMS 0x00000000d2700000, 0x00000000d2700000|
| 296|0x00000000d2800000, 0x00000000d2800000, 0x00000000d2900000|  0%| F|  |TS  0|AC  0|TAMS 0x00000000d2800000, 0x00000000d2800000|
| 297|0x00000000d2900000, 0x00000000d2900000, 0x00000000d2a00000|  0%| F|  |TS  0|AC  0|TAMS 0x00000000d2900000, 0x00000000d2900000|
| 298|0x00000000d2a00000, 0x00000000d2a00000, 0x00000000d2b00000|  0%| F|  |TS  0|AC  0|TAMS 0x00000000d2a00000, 0x00000000d2a00000|
| 299|0x00000000d2b00000, 0x00000000d2b00000, 0x00000000d2c00000|  0%| F|  |TS  0|AC  0|TAMS 0x00000000d2b00000, 0x00000000d2b00000|
| 300|0x00000000d2c00000, 0x00000000d2c00000, 0x00000000d2d00000|  0%| F|  |TS  0|AC  0|TAMS 0x00000000d2c00000, 0x00000000d2c00000|
| 301|0x00000000d2d00000, 0x00000000d2d00000, 0x00000000d2e00000|  0%| F|  |TS  0|AC  0|TAMS 0x00000000d2d00000, 0x00000000d2d00000|
| 302|0x00000000d2e00000, 0x00000000d2e00000, 0x00000000d2f00000|  0%| F|  |TS  0|AC  0|TAMS 0x00000000d2e00000, 0x00000000d2e00000|
| 303|0x00000000d2f00000, 0x00000000d2f00000, 0x00000000d3000000|  0%| F|  |TS  0|AC  0|TAMS 0x00000000d2f00000, 0x00000000d2f00000|
| 304|0x00000000d3000000, 0x00000000d3000000, 0x00000000d3100000|  0%| F|  |TS  0|AC  0|TAMS 0x00000000d3000000, 0x00000000d3000000|
| 305|0x00000000d3100000, 0x00000000d3100000, 0x00000000d3200000|  0%| F|  |TS  0|AC  0|TAMS 0x00000000d3100000, 0x00000000d3100000|
| 306|0x00000000d3200000, 0x00000000d3200000, 0x00000000d3300000|  0%| F|  |TS  0|AC  0|TAMS 0x00000000d3200000, 0x00000000d3200000|
| 307|0x00000000d3300000, 0x00000000d3300000, 0x00000000d3400000|  0%| F|  |TS  0|AC  0|TAMS 0x00000000d3300000, 0x00000000d3300000|
| 308|0x00000000d3400000, 0x00000000d3400000, 0x00000000d3500000|  0%| F|  |TS  0|AC  0|TAMS 0x00000000d3400000, 0x00000000d3400000|
| 309|0x00000000d3500000, 0x00000000d3500000, 0x00000000d3600000|  0%| F|  |TS  0|AC  0|TAMS 0x00000000d3500000, 0x00000000d3500000|
| 310|0x00000000d3600000, 0x00000000d3600000, 0x00000000d3700000|  0%| F|  |TS  0|AC  0|TAMS 0x00000000d3600000, 0x00000000d3600000|
| 311|0x00000000d3700000, 0x00000000d3700000, 0x00000000d3800000|  0%| F|  |TS  0|AC  0|TAMS 0x00000000d3700000, 0x00000000d3700000|
| 312|0x00000000d3800000, 0x00000000d3800000, 0x00000000d3900000|  0%| F|  |TS  0|AC  0|TAMS 0x00000000d3800000, 0x00000000d3800000|
| 313|0x00000000d3900000, 0x00000000d3900000, 0x00000000d3a00000|  0%| F|  |TS  0|AC  0|TAMS 0x00000000d3900000, 0x00000000d3900000|
| 314|0x00000000d3a00000, 0x00000000d3a00000, 0x00000000d3b00000|  0%| F|  |TS  0|AC  0|TAMS 0x00000000d3a00000, 0x00000000d3a00000|
| 315|0x00000000d3b00000, 0x00000000d3b00000, 0x00000000d3c00000|  0%| F|  |TS  0|AC  0|TAMS 0x00000000d3b00000, 0x00000000d3b00000|
| 316|0x00000000d3c00000, 0x00000000d3c00000, 0x00000000d3d00000|  0%| F|  |TS  0|AC  0|TAMS 0x00000000d3c00000, 0x00000000d3c00000|
| 317|0x00000000d3d00000, 0x00000000d3d00000, 0x00000000d3e00000|  0%| F|  |TS  0|AC  0|TAMS 0x00000000d3d00000, 0x00000000d3d00000|
| 318|0x00000000d3e00000, 0x00000000d3e00000, 0x00000000d3f00000|  0%| F|  |TS  0|AC  0|TAMS 0x00000000d3e00000, 0x00000000d3e00000|
| 319|0x00000000d3f00000, 0x00000000d3f00000, 0x00000000d4000000|  0%| F|  |TS  0|AC  0|TAMS 0x00000000d3f00000, 0x00000000d3f00000|
| 320|0x00000000d4000000, 0x00000000d4000000, 0x00000000d4100000|  0%| F|  |TS  0|AC  0|TAMS 0x00000000d4000000, 0x00000000d4000000|
| 321|0x00000000d4100000, 0x00000000d4100000, 0x00000000d4200000|  0%| F|  |TS  0|AC  0|TAMS 0x00000000d4100000, 0x00000000d4100000|
| 322|0x00000000d4200000, 0x00000000d4200000, 0x00000000d4300000|  0%| F|  |TS  0|AC  0|TAMS 0x00000000d4200000, 0x00000000d4200000|
| 323|0x00000000d4300000, 0x00000000d4300000, 0x00000000d4400000|  0%| F|  |TS  0|AC  0|TAMS 0x00000000d4300000, 0x00000000d4300000|
| 324|0x00000000d4400000, 0x00000000d4400000, 0x00000000d4500000|  0%| F|  |TS  0|AC  0|TAMS 0x00000000d4400000, 0x00000000d4400000|
| 325|0x00000000d4500000, 0x00000000d4500000, 0x00000000d4600000|  0%| F|  |TS  0|AC  0|TAMS 0x00000000d4500000, 0x00000000d4500000|
| 326|0x00000000d4600000, 0x00000000d4600000, 0x00000000d4700000|  0%| F|  |TS  0|AC  0|TAMS 0x00000000d4600000, 0x00000000d4600000|
| 327|0x00000000d4700000, 0x00000000d4700000, 0x00000000d4800000|  0%| F|  |TS  0|AC  0|TAMS 0x00000000d4700000, 0x00000000d4700000|
| 328|0x00000000d4800000, 0x00000000d4800000, 0x00000000d4900000|  0%| F|  |TS  0|AC  0|TAMS 0x00000000d4800000, 0x00000000d4800000|
| 329|0x00000000d4900000, 0x00000000d4900000, 0x00000000d4a00000|  0%| F|  |TS  0|AC  0|TAMS 0x00000000d4900000, 0x00000000d4900000|
| 330|0x00000000d4a00000, 0x00000000d4a00000, 0x00000000d4b00000|  0%| F|  |TS  0|AC  0|TAMS 0x00000000d4a00000, 0x00000000d4a00000|
| 331|0x00000000d4b00000, 0x00000000d4b00000, 0x00000000d4c00000|  0%| F|  |TS  0|AC  0|TAMS 0x00000000d4b00000, 0x00000000d4b00000|
| 332|0x00000000d4c00000, 0x00000000d4c00000, 0x00000000d4d00000|  0%| F|  |TS  0|AC  0|TAMS 0x00000000d4c00000, 0x00000000d4c00000|
| 333|0x00000000d4d00000, 0x00000000d4d00000, 0x00000000d4e00000|  0%| F|  |TS  0|AC  0|TAMS 0x00000000d4d00000, 0x00000000d4d00000|
| 334|0x00000000d4e00000, 0x00000000d4e00000, 0x00000000d4f00000|  0%| F|  |TS  0|AC  0|TAMS 0x00000000d4e00000, 0x00000000d4e00000|
| 335|0x00000000d4f00000, 0x00000000d4f00000, 0x00000000d5000000|  0%| F|  |TS  0|AC  0|TAMS 0x00000000d4f00000, 0x00000000d4f00000|
| 336|0x00000000d5000000, 0x00000000d5000000, 0x00000000d5100000|  0%| F|  |TS  0|AC  0|TAMS 0x00000000d5000000, 0x00000000d5000000|
| 337|0x00000000d5100000, 0x00000000d5100000, 0x00000000d5200000|  0%| F|  |TS  0|AC  0|TAMS 0x00000000d5100000, 0x00000000d5100000|
| 338|0x00000000d5200000, 0x00000000d5200000, 0x00000000d5300000|  0%| F|  |TS  0|AC  0|TAMS 0x00000000d5200000, 0x00000000d5200000|
| 339|0x00000000d5300000, 0x00000000d5300000, 0x00000000d5400000|  0%| F|  |TS  0|AC  0|TAMS 0x00000000d5300000, 0x00000000d5300000|
| 340|0x00000000d5400000, 0x00000000d5400000, 0x00000000d5500000|  0%| F|  |TS  0|AC  0|TAMS 0x00000000d5400000, 0x00000000d5400000|
| 341|0x00000000d5500000, 0x00000000d5500000, 0x00000000d5600000|  0%| F|  |TS  0|AC  0|TAMS 0x00000000d5500000, 0x00000000d5500000|
| 342|0x00000000d5600000, 0x00000000d5600000, 0x00000000d5700000|  0%| F|  |TS  0|AC  0|TAMS 0x00000000d5600000, 0x00000000d5600000|
| 343|0x00000000d5700000, 0x00000000d5700000, 0x00000000d5800000|  0%| F|  |TS  0|AC  0|TAMS 0x00000000d5700000, 0x00000000d5700000|
| 344|0x00000000d5800000, 0x00000000d5800000, 0x00000000d5900000|  0%| F|  |TS  0|AC  0|TAMS 0x00000000d5800000, 0x00000000d5800000|
| 345|0x00000000d5900000, 0x00000000d5900000, 0x00000000d5a00000|  0%| F|  |TS  0|AC  0|TAMS 0x00000000d5900000, 0x00000000d5900000|
| 346|0x00000000d5a00000, 0x00000000d5a00000, 0x00000000d5b00000|  0%| F|  |TS  0|AC  0|TAMS 0x00000000d5a00000, 0x00000000d5a00000|
| 347|0x00000000d5b00000, 0x00000000d5b00000, 0x00000000d5c00000|  0%| F|  |TS  0|AC  0|TAMS 0x00000000d5b00000, 0x00000000d5b00000|
| 348|0x00000000d5c00000, 0x00000000d5c00000, 0x00000000d5d00000|  0%| F|  |TS  0|AC  0|TAMS 0x00000000d5c00000, 0x00000000d5c00000|
| 349|0x00000000d5d00000, 0x00000000d5d00000, 0x00000000d5e00000|  0%| F|  |TS  0|AC  0|TAMS 0x00000000d5d00000, 0x00000000d5d00000|
| 350|0x00000000d5e00000, 0x00000000d5e00000, 0x00000000d5f00000|  0%| F|  |TS  0|AC  0|TAMS 0x00000000d5e00000, 0x00000000d5e00000|
| 351|0x00000000d5f00000, 0x00000000d5f00000, 0x00000000d6000000|  0%| F|  |TS  0|AC  0|TAMS 0x00000000d5f00000, 0x00000000d5f00000|
| 352|0x00000000d6000000, 0x00000000d6000000, 0x00000000d6100000|  0%| F|  |TS  0|AC  0|TAMS 0x00000000d6000000, 0x00000000d6000000|
| 353|0x00000000d6100000, 0x00000000d6100000, 0x00000000d6200000|  0%| F|  |TS  0|AC  0|TAMS 0x00000000d6100000, 0x00000000d6100000|
| 354|0x00000000d6200000, 0x00000000d6200000, 0x00000000d6300000|  0%| F|  |TS  0|AC  0|TAMS 0x00000000d6200000, 0x00000000d6200000|
| 355|0x00000000d6300000, 0x00000000d6300000, 0x00000000d6400000|  0%| F|  |TS  0|AC  0|TAMS 0x00000000d6300000, 0x00000000d6300000|
| 356|0x00000000d6400000, 0x00000000d6400000, 0x00000000d6500000|  0%| F|  |TS  0|AC  0|TAMS 0x00000000d6400000, 0x00000000d6400000|
| 357|0x00000000d6500000, 0x00000000d6500000, 0x00000000d6600000|  0%| F|  |TS  0|AC  0|TAMS 0x00000000d6500000, 0x00000000d6500000|
| 358|0x00000000d6600000, 0x00000000d6600000, 0x00000000d6700000|  0%| F|  |TS  0|AC  0|TAMS 0x00000000d6600000, 0x00000000d6600000|
| 359|0x00000000d6700000, 0x00000000d6700000, 0x00000000d6800000|  0%| F|  |TS  0|AC  0|TAMS 0x00000000d6700000, 0x00000000d6700000|
| 360|0x00000000d6800000, 0x00000000d6800000, 0x00000000d6900000|  0%| F|  |TS  0|AC  0|TAMS 0x00000000d6800000, 0x00000000d6800000|
| 361|0x00000000d6900000, 0x00000000d6900000, 0x00000000d6a00000|  0%| F|  |TS  0|AC  0|TAMS 0x00000000d6900000, 0x00000000d6900000|
| 362|0x00000000d6a00000, 0x00000000d6a00000, 0x00000000d6b00000|  0%| F|  |TS  0|AC  0|TAMS 0x00000000d6a00000, 0x00000000d6a00000|
| 363|0x00000000d6b00000, 0x00000000d6b00000, 0x00000000d6c00000|  0%| F|  |TS  0|AC  0|TAMS 0x00000000d6b00000, 0x00000000d6b00000|
| 364|0x00000000d6c00000, 0x00000000d6c00000, 0x00000000d6d00000|  0%| F|  |TS  0|AC  0|TAMS 0x00000000d6c00000, 0x00000000d6c00000|
| 365|0x00000000d6d00000, 0x00000000d6d00000, 0x00000000d6e00000|  0%| F|  |TS  0|AC  0|TAMS 0x00000000d6d00000, 0x00000000d6d00000|
| 366|0x00000000d6e00000, 0x00000000d6e00000, 0x00000000d6f00000|  0%| F|  |TS  0|AC  0|TAMS 0x00000000d6e00000, 0x00000000d6e00000|
| 367|0x00000000d6f00000, 0x00000000d6f00000, 0x00000000d7000000|  0%| F|  |TS  0|AC  0|TAMS 0x00000000d6f00000, 0x00000000d6f00000|
| 368|0x00000000d7000000, 0x00000000d7000000, 0x00000000d7100000|  0%| F|  |TS  0|AC  0|TAMS 0x00000000d7000000, 0x00000000d7000000|
| 369|0x00000000d7100000, 0x00000000d7100000, 0x00000000d7200000|  0%| F|  |TS  0|AC  0|TAMS 0x00000000d7100000, 0x00000000d7100000|
| 370|0x00000000d7200000, 0x00000000d7200000, 0x00000000d7300000|  0%| F|  |TS  0|AC  0|TAMS 0x00000000d7200000, 0x00000000d7200000|
| 371|0x00000000d7300000, 0x00000000d7300000, 0x00000000d7400000|  0%| F|  |TS  0|AC  0|TAMS 0x00000000d7300000, 0x00000000d7300000|
| 372|0x00000000d7400000, 0x00000000d7400000, 0x00000000d7500000|  0%| F|  |TS  0|AC  0|TAMS 0x00000000d7400000, 0x00000000d7400000|
| 373|0x00000000d7500000, 0x00000000d7500000, 0x00000000d7600000|  0%| F|  |TS  0|AC  0|TAMS 0x00000000d7500000, 0x00000000d7500000|
| 374|0x00000000d7600000, 0x00000000d7600000, 0x00000000d7700000|  0%| F|  |TS  0|AC  0|TAMS 0x00000000d7600000, 0x00000000d7600000|
| 375|0x00000000d7700000, 0x00000000d7700000, 0x00000000d7800000|  0%| F|  |TS  0|AC  0|TAMS 0x00000000d7700000, 0x00000000d7700000|
| 376|0x00000000d7800000, 0x00000000d7800000, 0x00000000d7900000|  0%| F|  |TS  0|AC  0|TAMS 0x00000000d7800000, 0x00000000d7800000|
| 377|0x00000000d7900000, 0x00000000d7900000, 0x00000000d7a00000|  0%| F|  |TS  0|AC  0|TAMS 0x00000000d7900000, 0x00000000d7900000|
| 378|0x00000000d7a00000, 0x00000000d7a00000, 0x00000000d7b00000|  0%| F|  |TS  0|AC  0|TAMS 0x00000000d7a00000, 0x00000000d7a00000|
| 379|0x00000000d7b00000, 0x00000000d7b00000, 0x00000000d7c00000|  0%| F|  |TS  0|AC  0|TAMS 0x00000000d7b00000, 0x00000000d7b00000|
| 380|0x00000000d7c00000, 0x00000000d7c00000, 0x00000000d7d00000|  0%| F|  |TS  0|AC  0|TAMS 0x00000000d7c00000, 0x00000000d7c00000|
| 381|0x00000000d7d00000, 0x00000000d7d00000, 0x00000000d7e00000|  0%| F|  |TS  0|AC  0|TAMS 0x00000000d7d00000, 0x00000000d7d00000|
| 382|0x00000000d7e00000, 0x00000000d7e00000, 0x00000000d7f00000|  0%| F|  |TS  0|AC  0|TAMS 0x00000000d7e00000, 0x00000000d7e00000|
| 383|0x00000000d7f00000, 0x00000000d7f00000, 0x00000000d8000000|  0%| F|  |TS  0|AC  0|TAMS 0x00000000d7f00000, 0x00000000d7f00000|
| 384|0x00000000d8000000, 0x00000000d8000000, 0x00000000d8100000|  0%| F|  |TS  0|AC  0|TAMS 0x00000000d8000000, 0x00000000d8000000|
| 385|0x00000000d8100000, 0x00000000d8100000, 0x00000000d8200000|  0%| F|  |TS  0|AC  0|TAMS 0x00000000d8100000, 0x00000000d8100000|
| 386|0x00000000d8200000, 0x00000000d8200000, 0x00000000d8300000|  0%| F|  |TS  0|AC  0|TAMS 0x00000000d8200000, 0x00000000d8200000|
| 387|0x00000000d8300000, 0x00000000d8300000, 0x00000000d8400000|  0%| F|  |TS  0|AC  0|TAMS 0x00000000d8300000, 0x00000000d8300000|
| 388|0x00000000d8400000, 0x00000000d8400000, 0x00000000d8500000|  0%| F|  |TS  0|AC  0|TAMS 0x00000000d8400000, 0x00000000d8400000|
| 389|0x00000000d8500000, 0x00000000d8500000, 0x00000000d8600000|  0%| F|  |TS  0|AC  0|TAMS 0x00000000d8500000, 0x00000000d8500000|
| 390|0x00000000d8600000, 0x00000000d8600000, 0x00000000d8700000|  0%| F|  |TS  0|AC  0|TAMS 0x00000000d8600000, 0x00000000d8600000|
| 391|0x00000000d8700000, 0x00000000d8700000, 0x00000000d8800000|  0%| F|  |TS  0|AC  0|TAMS 0x00000000d8700000, 0x00000000d8700000|
| 392|0x00000000d8800000, 0x00000000d8800000, 0x00000000d8900000|  0%| F|  |TS  0|AC  0|TAMS 0x00000000d8800000, 0x00000000d8800000|
| 393|0x00000000d8900000, 0x00000000d8900000, 0x00000000d8a00000|  0%| F|  |TS  0|AC  0|TAMS 0x00000000d8900000, 0x00000000d8900000|
| 394|0x00000000d8a00000, 0x00000000d8a00000, 0x00000000d8b00000|  0%| F|  |TS  0|AC  0|TAMS 0x00000000d8a00000, 0x00000000d8a00000|
| 395|0x00000000d8b00000, 0x00000000d8b00000, 0x00000000d8c00000|  0%| F|  |TS  0|AC  0|TAMS 0x00000000d8b00000, 0x00000000d8b00000|
| 396|0x00000000d8c00000, 0x00000000d8c00000, 0x00000000d8d00000|  0%| F|  |TS  0|AC  0|TAMS 0x00000000d8c00000, 0x00000000d8c00000|
| 397|0x00000000d8d00000, 0x00000000d8d00000, 0x00000000d8e00000|  0%| F|  |TS  0|AC  0|TAMS 0x00000000d8d00000, 0x00000000d8d00000|
| 398|0x00000000d8e00000, 0x00000000d8e00000, 0x00000000d8f00000|  0%| F|  |TS  0|AC  0|TAMS 0x00000000d8e00000, 0x00000000d8e00000|
| 399|0x00000000d8f00000, 0x00000000d8f00000, 0x00000000d9000000|  0%| F|  |TS  0|AC  0|TAMS 0x00000000d8f00000, 0x00000000d8f00000|
| 400|0x00000000d9000000, 0x00000000d9000000, 0x00000000d9100000|  0%| F|  |TS  0|AC  0|TAMS 0x00000000d9000000, 0x00000000d9000000|
| 401|0x00000000d9100000, 0x00000000d9100000, 0x00000000d9200000|  0%| F|  |TS  0|AC  0|TAMS 0x00000000d9100000, 0x00000000d9100000|
| 402|0x00000000d9200000, 0x00000000d9200000, 0x00000000d9300000|  0%| F|  |TS  0|AC  0|TAMS 0x00000000d9200000, 0x00000000d9200000|
| 403|0x00000000d9300000, 0x00000000d9300000, 0x00000000d9400000|  0%| F|  |TS  0|AC  0|TAMS 0x00000000d9300000, 0x00000000d9300000|
| 404|0x00000000d9400000, 0x00000000d9400000, 0x00000000d9500000|  0%| F|  |TS  0|AC  0|TAMS 0x00000000d9400000, 0x00000000d9400000|
| 405|0x00000000d9500000, 0x00000000d9500000, 0x00000000d9600000|  0%| F|  |TS  0|AC  0|TAMS 0x00000000d9500000, 0x00000000d9500000|
| 406|0x00000000d9600000, 0x00000000d9600000, 0x00000000d9700000|  0%| F|  |TS  0|AC  0|TAMS 0x00000000d9600000, 0x00000000d9600000|
| 407|0x00000000d9700000, 0x00000000d9700000, 0x00000000d9800000|  0%| F|  |TS  0|AC  0|TAMS 0x00000000d9700000, 0x00000000d9700000|
| 408|0x00000000d9800000, 0x00000000d9800000, 0x00000000d9900000|  0%| F|  |TS  0|AC  0|TAMS 0x00000000d9800000, 0x00000000d9800000|
| 409|0x00000000d9900000, 0x00000000d9900000, 0x00000000d9a00000|  0%| F|  |TS  0|AC  0|TAMS 0x00000000d9900000, 0x00000000d9900000|
| 410|0x00000000d9a00000, 0x00000000d9a00000, 0x00000000d9b00000|  0%| F|  |TS  0|AC  0|TAMS 0x00000000d9a00000, 0x00000000d9a00000|
| 411|0x00000000d9b00000, 0x00000000d9b00000, 0x00000000d9c00000|  0%| F|  |TS  0|AC  0|TAMS 0x00000000d9b00000, 0x00000000d9b00000|
| 412|0x00000000d9c00000, 0x00000000d9c00000, 0x00000000d9d00000|  0%| F|  |TS  0|AC  0|TAMS 0x00000000d9c00000, 0x00000000d9c00000|
| 413|0x00000000d9d00000, 0x00000000d9d00000, 0x00000000d9e00000|  0%| F|  |TS  0|AC  0|TAMS 0x00000000d9d00000, 0x00000000d9d00000|
| 414|0x00000000d9e00000, 0x00000000d9e00000, 0x00000000d9f00000|  0%| F|  |TS  0|AC  0|TAMS 0x00000000d9e00000, 0x00000000d9e00000|
| 415|0x00000000d9f00000, 0x00000000d9f00000, 0x00000000da000000|  0%| F|  |TS  0|AC  0|TAMS 0x00000000d9f00000, 0x00000000d9f00000|
| 416|0x00000000da000000, 0x00000000da000000, 0x00000000da100000|  0%| F|  |TS  0|AC  0|TAMS 0x00000000da000000, 0x00000000da000000|
| 417|0x00000000da100000, 0x00000000da100000, 0x00000000da200000|  0%| F|  |TS  0|AC  0|TAMS 0x00000000da100000, 0x00000000da100000|
| 418|0x00000000da200000, 0x00000000da200000, 0x00000000da300000|  0%| F|  |TS  0|AC  0|TAMS 0x00000000da200000, 0x00000000da200000|
| 419|0x00000000da300000, 0x00000000da300000, 0x00000000da400000|  0%| F|  |TS  0|AC  0|TAMS 0x00000000da300000, 0x00000000da300000|
| 420|0x00000000da400000, 0x00000000da400000, 0x00000000da500000|  0%| F|  |TS  0|AC  0|TAMS 0x00000000da400000, 0x00000000da400000|
| 421|0x00000000da500000, 0x00000000da500000, 0x00000000da600000|  0%| F|  |TS  0|AC  0|TAMS 0x00000000da500000, 0x00000000da500000|
| 422|0x00000000da600000, 0x00000000da600000, 0x00000000da700000|  0%| F|  |TS  0|AC  0|TAMS 0x00000000da600000, 0x00000000da600000|
| 423|0x00000000da700000, 0x00000000da700000, 0x00000000da800000|  0%| F|  |TS  0|AC  0|TAMS 0x00000000da700000, 0x00000000da700000|
| 424|0x00000000da800000, 0x00000000da800000, 0x00000000da900000|  0%| F|  |TS  0|AC  0|TAMS 0x00000000da800000, 0x00000000da800000|
| 425|0x00000000da900000, 0x00000000da900000, 0x00000000daa00000|  0%| F|  |TS  0|AC  0|TAMS 0x00000000da900000, 0x00000000da900000|
| 426|0x00000000daa00000, 0x00000000daa00000, 0x00000000dab00000|  0%| F|  |TS  0|AC  0|TAMS 0x00000000daa00000, 0x00000000daa00000|
| 427|0x00000000dab00000, 0x00000000dab00000, 0x00000000dac00000|  0%| F|  |TS  0|AC  0|TAMS 0x00000000dab00000, 0x00000000dab00000|
| 428|0x00000000dac00000, 0x00000000dac00000, 0x00000000dad00000|  0%| F|  |TS  0|AC  0|TAMS 0x00000000dac00000, 0x00000000dac00000|
| 429|0x00000000dad00000, 0x00000000dad00000, 0x00000000dae00000|  0%| F|  |TS  0|AC  0|TAMS 0x00000000dad00000, 0x00000000dad00000|
| 430|0x00000000dae00000, 0x00000000dae00000, 0x00000000daf00000|  0%| F|  |TS  0|AC  0|TAMS 0x00000000dae00000, 0x00000000dae00000|
| 431|0x00000000daf00000, 0x00000000daf00000, 0x00000000db000000|  0%| F|  |TS  0|AC  0|TAMS 0x00000000daf00000, 0x00000000daf00000|
| 432|0x00000000db000000, 0x00000000db000000, 0x00000000db100000|  0%| F|  |TS  0|AC  0|TAMS 0x00000000db000000, 0x00000000db000000|
| 433|0x00000000db100000, 0x00000000db100000, 0x00000000db200000|  0%| F|  |TS  0|AC  0|TAMS 0x00000000db100000, 0x00000000db100000|
| 434|0x00000000db200000, 0x00000000db200000, 0x00000000db300000|  0%| F|  |TS  0|AC  0|TAMS 0x00000000db200000, 0x00000000db200000|
| 435|0x00000000db300000, 0x00000000db300000, 0x00000000db400000|  0%| F|  |TS  0|AC  0|TAMS 0x00000000db300000, 0x00000000db300000|
| 436|0x00000000db400000, 0x00000000db400000, 0x00000000db500000|  0%| F|  |TS  0|AC  0|TAMS 0x00000000db400000, 0x00000000db400000|
| 437|0x00000000db500000, 0x00000000db500000, 0x00000000db600000|  0%| F|  |TS  0|AC  0|TAMS 0x00000000db500000, 0x00000000db500000|
| 438|0x00000000db600000, 0x00000000db600000, 0x00000000db700000|  0%| F|  |TS  0|AC  0|TAMS 0x00000000db600000, 0x00000000db600000|
| 439|0x00000000db700000, 0x00000000db700000, 0x00000000db800000|  0%| F|  |TS  0|AC  0|TAMS 0x00000000db700000, 0x00000000db700000|
| 440|0x00000000db800000, 0x00000000db800000, 0x00000000db900000|  0%| F|  |TS  0|AC  0|TAMS 0x00000000db800000, 0x00000000db800000|
| 441|0x00000000db900000, 0x00000000db900000, 0x00000000dba00000|  0%| F|  |TS  0|AC  0|TAMS 0x00000000db900000, 0x00000000db900000|
| 442|0x00000000dba00000, 0x00000000dba00000, 0x00000000dbb00000|  0%| F|  |TS  0|AC  0|TAMS 0x00000000dba00000, 0x00000000dba00000|
| 443|0x00000000dbb00000, 0x00000000dbb00000, 0x00000000dbc00000|  0%| F|  |TS  0|AC  0|TAMS 0x00000000dbb00000, 0x00000000dbb00000|
| 444|0x00000000dbc00000, 0x00000000dbc00000, 0x00000000dbd00000|  0%| F|  |TS  0|AC  0|TAMS 0x00000000dbc00000, 0x00000000dbc00000|
| 445|0x00000000dbd00000, 0x00000000dbd00000, 0x00000000dbe00000|  0%| F|  |TS  0|AC  0|TAMS 0x00000000dbd00000, 0x00000000dbd00000|
| 446|0x00000000dbe00000, 0x00000000dbe00000, 0x00000000dbf00000|  0%| F|  |TS  0|AC  0|TAMS 0x00000000dbe00000, 0x00000000dbe00000|
| 447|0x00000000dbf00000, 0x00000000dbf00000, 0x00000000dc000000|  0%| F|  |TS  0|AC  0|TAMS 0x00000000dbf00000, 0x00000000dbf00000|
| 448|0x00000000dc000000, 0x00000000dc000000, 0x00000000dc100000|  0%| F|  |TS  0|AC  0|TAMS 0x00000000dc000000, 0x00000000dc000000|
| 449|0x00000000dc100000, 0x00000000dc100000, 0x00000000dc200000|  0%| F|  |TS  0|AC  0|TAMS 0x00000000dc100000, 0x00000000dc100000|
| 450|0x00000000dc200000, 0x00000000dc200000, 0x00000000dc300000|  0%| F|  |TS  0|AC  0|TAMS 0x00000000dc200000, 0x00000000dc200000|
| 451|0x00000000dc300000, 0x00000000dc300000, 0x00000000dc400000|  0%| F|  |TS  0|AC  0|TAMS 0x00000000dc300000, 0x00000000dc300000|
| 452|0x00000000dc400000, 0x00000000dc400000, 0x00000000dc500000|  0%| F|  |TS  0|AC  0|TAMS 0x00000000dc400000, 0x00000000dc400000|
| 453|0x00000000dc500000, 0x00000000dc500000, 0x00000000dc600000|  0%| F|  |TS  0|AC  0|TAMS 0x00000000dc500000, 0x00000000dc500000|
| 454|0x00000000dc600000, 0x00000000dc600000, 0x00000000dc700000|  0%| F|  |TS  0|AC  0|TAMS 0x00000000dc600000, 0x00000000dc600000|
| 455|0x00000000dc700000, 0x00000000dc700000, 0x00000000dc800000|  0%| F|  |TS  0|AC  0|TAMS 0x00000000dc700000, 0x00000000dc700000|
| 456|0x00000000dc800000, 0x00000000dc800000, 0x00000000dc900000|  0%| F|  |TS  0|AC  0|TAMS 0x00000000dc800000, 0x00000000dc800000|
| 457|0x00000000dc900000, 0x00000000dca00000, 0x00000000dca00000|100%| E|  |TS  0|AC  0|TAMS 0x00000000dc900000, 0x00000000dc900000|
| 458|0x00000000dca00000, 0x00000000dcb00000, 0x00000000dcb00000|100%| E|CS|TS  0|AC  0|TAMS 0x00000000dca00000, 0x00000000dca00000|
| 459|0x00000000dcb00000, 0x00000000dcc00000, 0x00000000dcc00000|100%| E|CS|TS  0|AC  0|TAMS 0x00000000dcb00000, 0x00000000dcb00000|
| 460|0x00000000dcc00000, 0x00000000dcd00000, 0x00000000dcd00000|100%| E|CS|TS  0|AC  0|TAMS 0x00000000dcc00000, 0x00000000dcc00000|
| 461|0x00000000dcd00000, 0x00000000dce00000, 0x00000000dce00000|100%| E|CS|TS  0|AC  0|TAMS 0x00000000dcd00000, 0x00000000dcd00000|
| 462|0x00000000dce00000, 0x00000000dcf00000, 0x00000000dcf00000|100%| E|CS|TS  0|AC  0|TAMS 0x00000000dce00000, 0x00000000dce00000|
| 463|0x00000000dcf00000, 0x00000000dd000000, 0x00000000dd000000|100%| E|CS|TS  0|AC  0|TAMS 0x00000000dcf00000, 0x00000000dcf00000|
| 464|0x00000000dd000000, 0x00000000dd100000, 0x00000000dd100000|100%| E|CS|TS  0|AC  0|TAMS 0x00000000dd000000, 0x00000000dd000000|
| 465|0x00000000dd100000, 0x00000000dd200000, 0x00000000dd200000|100%| E|CS|TS  0|AC  0|TAMS 0x00000000dd100000, 0x00000000dd100000|
| 466|0x00000000dd200000, 0x00000000dd300000, 0x00000000dd300000|100%| E|CS|TS  0|AC  0|TAMS 0x00000000dd200000, 0x00000000dd200000|
| 467|0x00000000dd300000, 0x00000000dd400000, 0x00000000dd400000|100%| E|CS|TS  0|AC  0|TAMS 0x00000000dd300000, 0x00000000dd300000|
| 468|0x00000000dd400000, 0x00000000dd500000, 0x00000000dd500000|100%| E|CS|TS  0|AC  0|TAMS 0x00000000dd400000, 0x00000000dd400000|
| 469|0x00000000dd500000, 0x00000000dd600000, 0x00000000dd600000|100%| E|CS|TS  0|AC  0|TAMS 0x00000000dd500000, 0x00000000dd500000|
| 470|0x00000000dd600000, 0x00000000dd700000, 0x00000000dd700000|100%| E|CS|TS  0|AC  0|TAMS 0x00000000dd600000, 0x00000000dd600000|
| 471|0x00000000dd700000, 0x00000000dd800000, 0x00000000dd800000|100%| E|CS|TS  0|AC  0|TAMS 0x00000000dd700000, 0x00000000dd700000|
| 472|0x00000000dd800000, 0x00000000dd900000, 0x00000000dd900000|100%| E|CS|TS  0|AC  0|TAMS 0x00000000dd800000, 0x00000000dd800000|
| 473|0x00000000dd900000, 0x00000000dda00000, 0x00000000dda00000|100%| E|CS|TS  0|AC  0|TAMS 0x00000000dd900000, 0x00000000dd900000|
| 474|0x00000000dda00000, 0x00000000ddb00000, 0x00000000ddb00000|100%| E|CS|TS  0|AC  0|TAMS 0x00000000dda00000, 0x00000000dda00000|
| 475|0x00000000ddb00000, 0x00000000ddc00000, 0x00000000ddc00000|100%| E|CS|TS  0|AC  0|TAMS 0x00000000ddb00000, 0x00000000ddb00000|
| 476|0x00000000ddc00000, 0x00000000ddd00000, 0x00000000ddd00000|100%| E|CS|TS  0|AC  0|TAMS 0x00000000ddc00000, 0x00000000ddc00000|
| 477|0x00000000ddd00000, 0x00000000dde00000, 0x00000000dde00000|100%| E|CS|TS  0|AC  0|TAMS 0x00000000ddd00000, 0x00000000ddd00000|
| 478|0x00000000dde00000, 0x00000000ddf00000, 0x00000000ddf00000|100%| E|CS|TS  0|AC  0|TAMS 0x00000000dde00000, 0x00000000dde00000|
| 479|0x00000000ddf00000, 0x00000000de000000, 0x00000000de000000|100%| E|CS|TS  0|AC  0|TAMS 0x00000000ddf00000, 0x00000000ddf00000|
| 480|0x00000000de000000, 0x00000000de100000, 0x00000000de100000|100%| E|CS|TS  0|AC  0|TAMS 0x00000000de000000, 0x00000000de000000|
| 481|0x00000000de100000, 0x00000000de200000, 0x00000000de200000|100%| E|CS|TS  0|AC  0|TAMS 0x00000000de100000, 0x00000000de100000|
| 482|0x00000000de200000, 0x00000000de300000, 0x00000000de300000|100%| E|CS|TS  0|AC  0|TAMS 0x00000000de200000, 0x00000000de200000|
| 483|0x00000000de300000, 0x00000000de400000, 0x00000000de400000|100%| E|CS|TS  0|AC  0|TAMS 0x00000000de300000, 0x00000000de300000|
| 484|0x00000000de400000, 0x00000000de500000, 0x00000000de500000|100%| E|CS|TS  0|AC  0|TAMS 0x00000000de400000, 0x00000000de400000|
| 485|0x00000000de500000, 0x00000000de600000, 0x00000000de600000|100%| E|CS|TS  0|AC  0|TAMS 0x00000000de500000, 0x00000000de500000|
| 486|0x00000000de600000, 0x00000000de700000, 0x00000000de700000|100%| E|CS|TS  0|AC  0|TAMS 0x00000000de600000, 0x00000000de600000|
| 487|0x00000000de700000, 0x00000000de800000, 0x00000000de800000|100%| E|CS|TS  0|AC  0|TAMS 0x00000000de700000, 0x00000000de700000|
| 488|0x00000000de800000, 0x00000000de900000, 0x00000000de900000|100%| E|CS|TS  0|AC  0|TAMS 0x00000000de800000, 0x00000000de800000|
| 489|0x00000000de900000, 0x00000000dea00000, 0x00000000dea00000|100%| E|CS|TS  0|AC  0|TAMS 0x00000000de900000, 0x00000000de900000|
| 490|0x00000000dea00000, 0x00000000deb00000, 0x00000000deb00000|100%| E|CS|TS  0|AC  0|TAMS 0x00000000dea00000, 0x00000000dea00000|
| 491|0x00000000deb00000, 0x00000000dec00000, 0x00000000dec00000|100%| E|CS|TS  0|AC  0|TAMS 0x00000000deb00000, 0x00000000deb00000|
| 492|0x00000000dec00000, 0x00000000ded00000, 0x00000000ded00000|100%| E|CS|TS  0|AC  0|TAMS 0x00000000dec00000, 0x00000000dec00000|
| 493|0x00000000ded00000, 0x00000000dee00000, 0x00000000dee00000|100%| E|CS|TS  0|AC  0|TAMS 0x00000000ded00000, 0x00000000ded00000|
| 494|0x00000000dee00000, 0x00000000def00000, 0x00000000def00000|100%| E|CS|TS  0|AC  0|TAMS 0x00000000dee00000, 0x00000000dee00000|
| 495|0x00000000def00000, 0x00000000df000000, 0x00000000df000000|100%| E|CS|TS  0|AC  0|TAMS 0x00000000def00000, 0x00000000def00000|
| 496|0x00000000df000000, 0x00000000df100000, 0x00000000df100000|100%| E|CS|TS  0|AC  0|TAMS 0x00000000df000000, 0x00000000df000000|
| 497|0x00000000df100000, 0x00000000df200000, 0x00000000df200000|100%| E|CS|TS  0|AC  0|TAMS 0x00000000df100000, 0x00000000df100000|
| 498|0x00000000df200000, 0x00000000df300000, 0x00000000df300000|100%| E|CS|TS  0|AC  0|TAMS 0x00000000df200000, 0x00000000df200000|
| 499|0x00000000df300000, 0x00000000df400000, 0x00000000df400000|100%| E|CS|TS  0|AC  0|TAMS 0x00000000df300000, 0x00000000df300000|
| 500|0x00000000df400000, 0x00000000df500000, 0x00000000df500000|100%| E|CS|TS  0|AC  0|TAMS 0x00000000df400000, 0x00000000df400000|
| 501|0x00000000df500000, 0x00000000df600000, 0x00000000df600000|100%| E|CS|TS  0|AC  0|TAMS 0x00000000df500000, 0x00000000df500000|
| 502|0x00000000df600000, 0x00000000df677980, 0x00000000df700000| 46%| S|CS|TS  0|AC  0|TAMS 0x00000000df600000, 0x00000000df600000|
| 503|0x00000000df700000, 0x00000000df800000, 0x00000000df800000|100%| S|CS|TS  0|AC  0|TAMS 0x00000000df700000, 0x00000000df700000|
| 504|0x00000000df800000, 0x00000000df900000, 0x00000000df900000|100%| S|CS|TS  0|AC  0|TAMS 0x00000000df800000, 0x00000000df800000|
| 505|0x00000000df900000, 0x00000000dfa00000, 0x00000000dfa00000|100%| S|CS|TS  0|AC  0|TAMS 0x00000000df900000, 0x00000000df900000|
| 506|0x00000000dfa00000, 0x00000000dfb00000, 0x00000000dfb00000|100%| S|CS|TS  0|AC  0|TAMS 0x00000000dfa00000, 0x00000000dfa00000|
| 507|0x00000000dfb00000, 0x00000000dfc00000, 0x00000000dfc00000|100%| S|CS|TS  0|AC  0|TAMS 0x00000000dfb00000, 0x00000000dfb00000|
| 508|0x00000000dfc00000, 0x00000000dfd00000, 0x00000000dfd00000|100%| E|CS|TS  0|AC  0|TAMS 0x00000000dfc00000, 0x00000000dfc00000|
| 509|0x00000000dfd00000, 0x00000000dfe00000, 0x00000000dfe00000|100%| E|CS|TS  0|AC  0|TAMS 0x00000000dfd00000, 0x00000000dfd00000|
| 510|0x00000000dfe00000, 0x00000000dff00000, 0x00000000dff00000|100%| E|CS|TS  0|AC  0|TAMS 0x00000000dfe00000, 0x00000000dfe00000|
| 511|0x00000000dff00000, 0x00000000e0000000, 0x00000000e0000000|100%| E|CS|TS  0|AC  0|TAMS 0x00000000dff00000, 0x00000000dff00000|

Card table byte_map: [0x00000241fa590000,0x00000241fa790000] byte_map_base: 0x00000241f9f90000

Marking Bits (Prev, Next): (CMBitMap*) 0x00000241dfd476e0, (CMBitMap*) 0x00000241dfd47718
 Prev Bits: [0x00000241fa990000, 0x00000241fb990000)
 Next Bits: [0x00000241fb990000, 0x00000241fc990000)

Polling page: 0x00000241ddc90000

CodeHeap 'non-profiled nmethods': size=120000Kb used=1534Kb max_used=1534Kb free=118465Kb
 bounds [0x00000241f2b30000, 0x00000241f2da0000, 0x00000241fa060000]
CodeHeap 'profiled nmethods': size=120000Kb used=6980Kb max_used=6980Kb free=113019Kb
 bounds [0x00000241eb600000, 0x00000241ebce0000, 0x00000241f2b30000]
CodeHeap 'non-nmethods': size=5760Kb used=1224Kb max_used=1236Kb free=4535Kb
 bounds [0x00000241eb060000, 0x00000241eb2d0000, 0x00000241eb600000]
 total_blobs=4856 nmethods=3579 adapters=452
 compilation: enabled

Compilation events (10 events):
Event: 321.135 Thread 0x000002418014e800 3578       1       sbt.internal.util.AttributeKey$$anon$1::extend (5 bytes)
Event: 321.136 Thread 0x000002418014e800 nmethod 3578 0x00000241f2caf010 code [0x00000241f2caf1c0, 0x00000241f2caf2d8]
Event: 321.136 Thread 0x000002418014e800 3580       1       sbt.internal.util.AttributeKey$$anon$1::manifest (5 bytes)
Event: 321.136 Thread 0x000002418014e800 nmethod 3580 0x00000241f2caf390 code [0x00000241f2caf540, 0x00000241f2caf658]
Event: 321.136 Thread 0x000002418014e800 3581       1       sbt.internal.util.AttributeKey$$anon$1::optJsonWriter (5 bytes)
Event: 321.136 Thread 0x000002418014e800 nmethod 3581 0x00000241f2caf710 code [0x00000241f2caf8c0, 0x00000241f2caf9d8]
Event: 321.138 Thread 0x000002418014e800 3582       3       java.io.OutputStream::<init> (5 bytes)
Event: 321.139 Thread 0x000002418014e800 nmethod 3582 0x00000241ebccdc10 code [0x00000241ebccddc0, 0x00000241ebccdf78]
Event: 321.139 Thread 0x000002418014e800 3583       3       java.io.WinNTFileSystem::normalizePrefix (132 bytes)
Event: 321.142 Thread 0x000002418014e800 nmethod 3583 0x00000241ebcce010 code [0x00000241ebcce460, 0x00000241ebcd0530]

GC Heap History (8 events):
Event: 313.076 GC heap before
{Heap before GC invocations=0 (full 0):
 garbage-first heap   total 524288K, used 25600K [0x00000000c0000000, 0x0000000100000000)
  region size 1024K, 25 young (25600K), 0 survivors (0K)
 Metaspace       used 12404K, capacity 12728K, committed 13056K, reserved 1060864K
  class space    used 1135K, capacity 1218K, committed 1280K, reserved 1048576K
}
Event: 313.080 GC heap after
{Heap after GC invocations=1 (full 0):
 garbage-first heap   total 524288K, used 4014K [0x00000000c0000000, 0x0000000100000000)
  region size 1024K, 4 young (4096K), 4 survivors (4096K)
 Metaspace       used 12404K, capacity 12728K, committed 13056K, reserved 1060864K
  class space    used 1135K, capacity 1218K, committed 1280K, reserved 1048576K
}
Event: 314.681 GC heap before
{Heap before GC invocations=1 (full 0):
 garbage-first heap   total 524288K, used 29614K [0x00000000c0000000, 0x0000000100000000)
  region size 1024K, 30 young (30720K), 4 survivors (4096K)
 Metaspace       used 20628K, capacity 21057K, committed 21296K, reserved 1069056K
  class space    used 2435K, capacity 2569K, committed 2608K, reserved 1048576K
}
Event: 314.686 GC heap after
{Heap after GC invocations=2 (full 0):
 garbage-first heap   total 524288K, used 5696K [0x00000000c0000000, 0x0000000100000000)
  region size 1024K, 6 young (6144K), 6 survivors (6144K)
 Metaspace       used 20628K, capacity 21057K, committed 21296K, reserved 1069056K
  class space    used 2435K, capacity 2569K, committed 2608K, reserved 1048576K
}
Event: 317.132 GC heap before
{Heap before GC invocations=3 (full 0):
 garbage-first heap   total 524288K, used 49728K [0x00000000c0000000, 0x0000000100000000)
  region size 1024K, 49 young (50176K), 6 survivors (6144K)
 Metaspace       used 33930K, capacity 34667K, committed 35120K, reserved 1079296K
  class space    used 4398K, capacity 4643K, committed 4656K, reserved 1048576K
}
Event: 317.146 GC heap after
{Heap after GC invocations=4 (full 0):
 garbage-first heap   total 524288K, used 10815K [0x00000000c0000000, 0x0000000100000000)
  region size 1024K, 7 young (7168K), 7 survivors (7168K)
 Metaspace       used 33930K, capacity 34667K, committed 35120K, reserved 1079296K
  class space    used 4398K, capacity 4643K, committed 4656K, reserved 1048576K
}
Event: 317.561 GC heap before
{Heap before GC invocations=4 (full 0):
 garbage-first heap   total 524288K, used 13887K [0x00000000c0000000, 0x0000000100000000)
  region size 1024K, 11 young (11264K), 7 survivors (7168K)
 Metaspace       used 34913K, capacity 35585K, committed 35920K, reserved 1081344K
  class space    used 4490K, capacity 4731K, committed 4784K, reserved 1048576K
}
Event: 317.569 GC heap after
{Heap after GC invocations=5 (full 0):
 garbage-first heap   total 524288K, used 11319K [0x00000000c0000000, 0x0000000100000000)
  region size 1024K, 6 young (6144K), 6 survivors (6144K)
 Metaspace       used 34913K, capacity 35585K, committed 35920K, reserved 1081344K
  class space    used 4490K, capacity 4731K, committed 4784K, reserved 1048576K
}

Deoptimization events (10 events):
Event: 319.929 Thread 0x00000241dfcce800 Uncommon trap: reason=class_check action=maybe_recompile pc=0x00000241f2c81234 method=scala.reflect.internal.pickling.UnPickler$Scan.readSymbol()Lscala/reflect/internal/Symbols$Symbol; @ 186 c2
Event: 319.942 Thread 0x00000241dfcce800 Uncommon trap: reason=unstable_if action=reinterpret pc=0x00000241f2c547a4 method=sun.nio.cs.UTF_8$Decoder.decodeArrayLoop(Ljava/nio/ByteBuffer;Ljava/nio/CharBuffer;)Ljava/nio/charset/CoderResult; @ 84 c2
Event: 320.502 Thread 0x00000241dfcce800 Uncommon trap: reason=unstable_if action=reinterpret pc=0x00000241f2c76080 method=scala.LowPriorityImplicits.wrapRefArray([Ljava/lang/Object;)Lscala/collection/mutable/WrappedArray; @ 9 c2
Event: 320.516 Thread 0x00000241dfcce800 Uncommon trap: reason=unstable_if action=reinterpret pc=0x00000241f2b63768 method=java.net.URI.match(CJJ)Z @ 19 c2
Event: 320.519 Thread 0x00000241dfcce800 Uncommon trap: reason=unstable_if action=reinterpret pc=0x00000241f2c6d36c method=java.lang.StringLatin1.regionMatchesCI([BI[BII)Z @ 66 c2
Event: 320.528 Thread 0x00000241dfcce800 Uncommon trap: reason=unstable_if action=reinterpret pc=0x00000241f2c9e964 method=java.io.BufferedReader.read()I @ 19 c2
Event: 320.529 Thread 0x00000241dfcce800 Uncommon trap: reason=unstable_if action=reinterpret pc=0x00000241f2c9e2ec method=java.io.BufferedReader.read()I @ 19 c2
Event: 320.596 Thread 0x00000241dfcce800 Uncommon trap: reason=unstable_if action=reinterpret pc=0x00000241f2b69ffc method=java.lang.ThreadLocal$ThreadLocalMap.getEntry(Ljava/lang/ThreadLocal;)Ljava/lang/ThreadLocal$ThreadLocalMap$Entry; @ 21 c2
Event: 320.712 Thread 0x00000241dfcce800 Uncommon trap: reason=unstable_if action=reinterpret pc=0x00000241f2c0f638 method=java.util.concurrent.locks.AbstractQueuedSynchronizer.release(I)Z @ 21 c2
Event: 320.863 Thread 0x00000241dfcce800 Uncommon trap: reason=unstable_if action=reinterpret pc=0x00000241f2c0dfe8 method=java.util.concurrent.locks.AbstractQueuedSynchronizer.release(I)Z @ 21 c2

Classes redefined (0 events):
No events

Internal exceptions (10 events):
Event: 321.002 Thread 0x00000241dfcce800 Exception <a 'java/lang/NoSuchMethodError'{0x00000000dcc92360}: java.lang.Object.$anonfun$instantStringIso$2(Ljava/lang/String;)Ljava/time/Instant;> (0x00000000dcc92360) thrown at [t:/workspace/open/src/hotspot/share/interpreter/linkResolver.cpp, line 741
Event: 321.009 Thread 0x00000241dfcce800 Exception <a 'java/lang/NoSuchMethodError'{0x00000000dcc96130}: java.lang.Object.$anonfun$calendarStringIso$1(Ljava/util/Calendar;)Ljava/lang/String;> (0x00000000dcc96130) thrown at [t:/workspace/open/src/hotspot/share/interpreter/linkResolver.cpp, line 7
Event: 321.016 Thread 0x00000241dfcce800 Exception <a 'java/lang/NoSuchMethodError'{0x00000000dcc9a2c8}: java.lang.Object.$anonfun$calendarStringIso$2(Lsjsonnew/CalendarFormats;Ljava/lang/String;)Ljava/util/GregorianCalendar;> (0x00000000dcc9a2c8) thrown at [t:/workspace/open/src/hotspot/share/i
Event: 321.018 Thread 0x00000241dfcce800 Exception <a 'java/lang/NoSuchMethodError'{0x00000000dcc9ed88}: java.lang.Object.$anonfun$zonedDateTimeStringIso$1(Ljava/time/ZonedDateTime;)Ljava/lang/String;> (0x00000000dcc9ed88) thrown at [t:/workspace/open/src/hotspot/share/interpreter/linkResolver.c
Event: 321.018 Thread 0x00000241dfcce800 Exception <a 'java/lang/NoSuchMethodError'{0x00000000dcca2af0}: java.lang.Object.$anonfun$zonedDateTimeStringIso$2(Lsjsonnew/CalendarFormats;Ljava/lang/String;)Ljava/time/ZonedDateTime;> (0x00000000dcca2af0) thrown at [t:/workspace/open/src/hotspot/share/
Event: 321.023 Thread 0x00000241dfcce800 Exception <a 'java/lang/NoSuchMethodError'{0x00000000dcca7590}: java.lang.Object.$anonfun$localDateStringIso$1(Ljava/time/LocalDate;)Ljava/lang/String;> (0x00000000dcca7590) thrown at [t:/workspace/open/src/hotspot/share/interpreter/linkResolver.cpp, line
Event: 321.024 Thread 0x00000241dfcce800 Exception <a 'java/lang/NoSuchMethodError'{0x00000000dccab290}: java.lang.Object.$anonfun$localDateStringIso$2(Ljava/lang/String;)Ljava/time/LocalDate;> (0x00000000dccab290) thrown at [t:/workspace/open/src/hotspot/share/interpreter/linkResolver.cpp, line
Event: 321.025 Thread 0x00000241dfcce800 Exception <a 'java/lang/NoSuchMethodError'{0x00000000dccaf3b8}: java.lang.Object.$anonfun$localDateTimeStringIso$1(Ljava/time/LocalDateTime;)Ljava/lang/String;> (0x00000000dccaf3b8) thrown at [t:/workspace/open/src/hotspot/share/interpreter/linkResolver.c
Event: 321.026 Thread 0x00000241dfcce800 Exception <a 'java/lang/NoSuchMethodError'{0x00000000dccb30e8}: java.lang.Object.$anonfun$localDateTimeStringIso$2(Ljava/lang/String;)Ljava/time/LocalDateTime;> (0x00000000dccb30e8) thrown at [t:/workspace/open/src/hotspot/share/interpreter/linkResolver.c
Event: 321.081 Thread 0x00000241dfcce800 Exception <a 'java/lang/NoSuchMethodError'{0x00000000dcbbf728}: java.lang.Object.$anonfun$seqFormat$1(Lscala/collection/immutable/Seq;)Lscala/collection/Seq;> (0x00000000dcbbf728) thrown at [t:/workspace/open/src/hotspot/share/interpreter/linkResolver.cpp

Events (10 events):
Event: 321.141 loading class sbt/TestReportListener
Event: 321.141 loading class sbt/TestReportListener done
Event: 321.142 loading class sbt/Tests$Execution
Event: 321.142 loading class sbt/Tests$Execution done
Event: 321.143 loading class sbt/TestResultLogger
Event: 321.143 loading class sbt/TestResultLogger done
Event: 321.144 loading class sbt/Tests$Group
Event: 321.144 loading class sbt/Tests$Group done
Event: 321.146 loading class sjsonnew/TupleFormats$$anon$2
Event: 321.146 loading class sjsonnew/TupleFormats$$anon$2 done


Dynamic libraries:
0x00007ff708990000 - 0x00007ff7089ce000 	C:\Program Files\Java\jdk-10.0.2\bin\java.exe
0x00007ffefcd30000 - 0x00007ffefcf11000 	C:\Windows\SYSTEM32\ntdll.dll
0x00007ffefa8d0000 - 0x00007ffefa982000 	C:\Windows\System32\KERNEL32.DLL
0x00007ffef91b0000 - 0x00007ffef9423000 	C:\Windows\System32\KERNELBASE.dll
0x00007ffefac40000 - 0x00007ffeface1000 	C:\Windows\System32\ADVAPI32.dll
0x00007ffefa550000 - 0x00007ffefa5ee000 	C:\Windows\System32\msvcrt.dll
0x00007ffefa4f0000 - 0x00007ffefa54b000 	C:\Windows\System32\sechost.dll
0x00007ffefa5f0000 - 0x00007ffefa714000 	C:\Windows\System32\RPCRT4.dll
0x00007ffefc6c0000 - 0x00007ffefc850000 	C:\Windows\System32\USER32.dll
0x00007ffef9fb0000 - 0x00007ffef9fd0000 	C:\Windows\System32\win32u.dll
0x00007ffefacf0000 - 0x00007ffefad18000 	C:\Windows\System32\GDI32.dll
0x00007ffef94d0000 - 0x00007ffef9662000 	C:\Windows\System32\gdi32full.dll
0x00007ffef9430000 - 0x00007ffef94cf000 	C:\Windows\System32\msvcp_win.dll
0x00007ffef9670000 - 0x00007ffef976a000 	C:\Windows\System32\ucrtbase.dll
0x00007ffee31a0000 - 0x00007ffee3409000 	C:\Windows\WinSxS\amd64_microsoft.windows.common-controls_6595b64144ccf1df_6.0.17134.165_none_fb429645306569ac\COMCTL32.dll
0x00007ffee9fa0000 - 0x00007ffee9faa000 	C:\Windows\SYSTEM32\VERSION.dll
0x00007ffefa1c0000 - 0x00007ffefa4e3000 	C:\Windows\System32\combase.dll
0x00007ffef9770000 - 0x00007ffef97ea000 	C:\Windows\System32\bcryptPrimitives.dll
0x00007ffefa990000 - 0x00007ffefa9bd000 	C:\Windows\System32\IMM32.DLL
0x00007ffed1820000 - 0x00007ffed190f000 	C:\Program Files\Java\jdk-10.0.2\bin\msvcr120.dll
0x00007ffed1640000 - 0x00007ffed16e6000 	C:\Program Files\Java\jdk-10.0.2\bin\msvcp120.dll
0x000000006abd0000 - 0x000000006b640000 	C:\Program Files\Java\jdk-10.0.2\bin\server\jvm.dll
0x00007ffefaa90000 - 0x00007ffefaa98000 	C:\Windows\System32\PSAPI.DLL
0x00007ffee9fc0000 - 0x00007ffee9fc9000 	C:\Windows\SYSTEM32\WSOCK32.dll
0x00007ffef5ee0000 - 0x00007ffef5f03000 	C:\Windows\SYSTEM32\WINMM.dll
0x00007ffefc650000 - 0x00007ffefc6bc000 	C:\Windows\System32\WS2_32.dll
0x00007ffef5eb0000 - 0x00007ffef5eda000 	C:\Windows\SYSTEM32\winmmbase.dll
0x00007ffef9160000 - 0x00007ffef91a9000 	C:\Windows\System32\cfgmgr32.dll
0x00007ffef43f0000 - 0x00007ffef43ff000 	C:\Program Files\Java\jdk-10.0.2\bin\verify.dll
0x00007ffee7730000 - 0x00007ffee78f9000 	C:\Windows\SYSTEM32\DBGHELP.DLL
0x00007ffee8930000 - 0x00007ffee8959000 	C:\Windows\SYSTEM32\dbgcore.DLL
0x00007ffee4630000 - 0x00007ffee4657000 	C:\Program Files\Java\jdk-10.0.2\bin\java.dll
0x00007ffeeb650000 - 0x00007ffeeb67a000 	C:\Program Files\Java\jdk-10.0.2\bin\instrument.dll
0x00007ffee8c10000 - 0x00007ffee8c26000 	C:\Program Files\Java\jdk-10.0.2\bin\zip.dll
0x00007ffef43c0000 - 0x00007ffef43ca000 	C:\Program Files\Java\jdk-10.0.2\bin\jimage.dll
0x00007ffefb130000 - 0x00007ffefc570000 	C:\Windows\System32\SHELL32.dll
0x00007ffefa730000 - 0x00007ffefa7d9000 	C:\Windows\System32\shcore.dll
0x00007ffef98a0000 - 0x00007ffef9fad000 	C:\Windows\System32\windows.storage.dll
0x00007ffefc570000 - 0x00007ffefc5c1000 	C:\Windows\System32\shlwapi.dll
0x00007ffef90d0000 - 0x00007ffef90e1000 	C:\Windows\System32\kernel.appcore.dll
0x00007ffef90b0000 - 0x00007ffef90cf000 	C:\Windows\System32\profapi.dll
0x00007ffef9060000 - 0x00007ffef90ac000 	C:\Windows\System32\powrprof.dll
0x00007ffef90f0000 - 0x00007ffef90fa000 	C:\Windows\System32\FLTLIB.DLL
0x00007ffee7370000 - 0x00007ffee738a000 	C:\Program Files\Java\jdk-10.0.2\bin\net.dll
0x00007ffef47d0000 - 0x00007ffef48ac000 	C:\Windows\SYSTEM32\WINHTTP.dll
0x00007ffef8860000 - 0x00007ffef88c6000 	C:\Windows\system32\mswsock.dll
0x00007ffee3dd0000 - 0x00007ffee3de1000 	C:\Program Files\Java\jdk-10.0.2\bin\nio.dll
0x00007ffeee560000 - 0x00007ffeee57a000 	C:\Program Files\JetBrains\IntelliJ IDEA 2018.2\bin\breakgen64.dll
0x00007ffef8a20000 - 0x00007ffef8a37000 	C:\Windows\SYSTEM32\CRYPTSP.dll
0x00007ffef8440000 - 0x00007ffef8473000 	C:\Windows\system32\rsaenh.dll
0x00007ffef8ba0000 - 0x00007ffef8bc5000 	C:\Windows\SYSTEM32\bcrypt.dll
0x00007ffef8f40000 - 0x00007ffef8f68000 	C:\Windows\SYSTEM32\USERENV.dll
0x00007ffef8a10000 - 0x00007ffef8a1b000 	C:\Windows\SYSTEM32\CRYPTBASE.dll
0x00007ffef85e0000 - 0x00007ffef8618000 	C:\Windows\SYSTEM32\IPHLPAPI.DLL
0x00007ffefa720000 - 0x00007ffefa728000 	C:\Windows\System32\NSI.dll
0x00007ffeefa80000 - 0x00007ffeefa96000 	C:\Windows\SYSTEM32\dhcpcsvc6.DLL
0x00007ffef1ed0000 - 0x00007ffef1eea000 	C:\Windows\SYSTEM32\dhcpcsvc.DLL
0x00007ffef4480000 - 0x00007ffef448a000 	C:\Users\rwand\AppData\Local\Temp\jansi-64-1-3863696769016226437.11
0x00007ffeedb60000 - 0x00007ffeedb69000 	C:\Program Files\Java\jdk-10.0.2\bin\management.dll
0x00007ffeec490000 - 0x00007ffeec49a000 	C:\Program Files\Java\jdk-10.0.2\bin\management_ext.dll
0x00007ffeed480000 - 0x00007ffeed496000 	C:\Windows\system32\napinsp.dll
0x00007ffeec700000 - 0x00007ffeec71a000 	C:\Windows\system32\pnrpnsp.dll
0x00007ffef5c40000 - 0x00007ffef5c59000 	C:\Windows\system32\NLAapi.dll
0x00007ffef8620000 - 0x00007ffef86de000 	C:\Windows\SYSTEM32\DNSAPI.dll
0x00007ffef35c0000 - 0x00007ffef35ce000 	C:\Windows\System32\winrnr.dll
0x00007ffef1cd0000 - 0x00007ffef1ce5000 	C:\Windows\System32\wshbth.dll
0x00007ffeeb5e0000 - 0x00007ffeeb5ea000 	C:\Windows\System32\rasadhlp.dll
0x00007ffeebc90000 - 0x00007ffeebd02000 	C:\Windows\System32\fwpuclnt.dll

dbghelp: loaded successfully - version: 4.0.5 - missing functions: none
symbol engine: initialized successfully - sym options: 0x614 - pdb path: .;C:\Program Files\Java\jdk-10.0.2\bin;C:\Windows\SYSTEM32;C:\Windows\WinSxS\amd64_microsoft.windows.common-controls_6595b64144ccf1df_6.0.17134.165_none_fb429645306569ac;C:\Program Files\Java\jdk-10.0.2\bin\server;C:\Program Files\JetBrains\IntelliJ IDEA 2018.2\bin;C:\Users\rwand\AppData\Local\Temp

VM Arguments:
jvm_args: -Xms512M -Xmx1024M -Xss1M -XX:+CMSClassUnloadingEnabled -javaagent:C:\Program Files\JetBrains\IntelliJ IDEA 2018.2\lib\idea_rt.jar=51319:C:\Program Files\JetBrains\IntelliJ IDEA 2018.2\bin -Dfile.encoding=windows-1252 
java_command: xsbt.boot.Boot run
java_class_path (initial): C:\Users\rwand\.IntelliJIdea2018.2\config\plugins\Scala\launcher\sbt-launch.jar
Launcher Type: SUN_STANDARD

Logging:
Log output configuration:
#0: stdout all=warning uptime,level,tags
#1: stderr all=off uptime,level,tags

Environment Variables:
PATH=C:\Program Files (x86)\Common Files\Oracle\Java\javapath;C:\ProgramData\Oracle\Java\javapath;C:\Program Files (x86)\NVIDIA Corporation\PhysX\Common;C:\WINDOWS\system32;C:\WINDOWS;C:\WINDOWS\System32\Wbem;C:\WINDOWS\System32\WindowsPowerShell\v1.0\;C:\Users\rwand\AppData\Local\Microsoft\WindowsApps;C:\adb;C:\Program Files\TortoiseGit\bin;C:\Program Files\Git\cmd;C:\Program Files\Calibre2\;%SystemRoot%\system32;%SystemRoot%;%SystemRoot%\System32\Wbem;%SYSTEMROOT%\System32\WindowsPowerShell\v1.0\;%SYSTEMROOT%\System32\OpenSSH\;C:\Users\rwand\AppData\Local\Microsoft\WindowsApps;;C:\Program Files\Microsoft VS Code\bin
USERNAME=rwand
OS=Windows_NT
PROCESSOR_IDENTIFIER=Intel64 Family 6 Model 58 Stepping 9, GenuineIntel



---------------  S Y S T E M  ---------------

OS: Windows 10 , 64 bit Build 17134 (10.0.17134.1)

CPU:total 8 (initial active 8) (4 cores per cpu, 2 threads per core) family 6 model 58 stepping 9, cmov, cx8, fxsr, mmx, sse, sse2, sse3, ssse3, sse4.1, sse4.2, popcnt, avx, aes, clmul, erms, ht, tsc, tscinvbit, tscinv

Memory: 4k page, physical 8240660k(266712k free), swap 11312660k(4140k free)

vm_info: Java HotSpot(TM) 64-Bit Server VM (10.0.2+13) for windows-amd64 JRE (10.0.2+13), built on Jun 28 2018 01:57:56 by "mach5one" with MS VC++ 12.0 (VS2013)

END.
